2020-02-04 01:01:58.6808|INFO|CityInfo.API.Program|Initializing application...
2020-02-04 01:02:02.6535|INFO|Microsoft.AspNetCore.DataProtection.KeyManagement.XmlKeyManager|User profile is available. Using 'C:\Users\topu_\AppData\Local\ASP.NET\DataProtection-Keys' as key repository and Windows DPAPI to encrypt keys at rest.
2020-02-04 01:02:04.2778|INFO|Microsoft.AspNetCore.Hosting.Internal.WebHost|Request starting HTTP/1.1 DEBUG http://localhost:1028/  0
2020-02-04 01:02:04.2778|INFO|Microsoft.AspNetCore.Hosting.Internal.WebHost|Request starting HTTP/1.1 GET http://localhost:1028/  
2020-02-04 01:02:04.4680|INFO|Microsoft.AspNetCore.Hosting.Internal.WebHost|Request finished in 172.1308ms 200 
2020-02-04 01:02:04.9208|INFO|Microsoft.AspNetCore.Hosting.Internal.WebHost|Request finished in 644.083ms 404 text/plain
2020-02-04 01:02:05.2733|INFO|Microsoft.AspNetCore.Hosting.Internal.WebHost|Request starting HTTP/1.1 GET http://localhost:1028/favicon.ico  
2020-02-04 01:02:05.2733|INFO|Microsoft.AspNetCore.Hosting.Internal.WebHost|Request finished in 4.9482ms 404 text/plain
2020-02-04 01:02:53.1241|INFO|Microsoft.AspNetCore.Hosting.Internal.WebHost|Request starting HTTP/1.1 DELETE http://localhost:1028/api/cities/1/pointsofinterest/1  0
2020-02-04 01:02:53.2416|INFO|Microsoft.AspNetCore.Mvc.Internal.ControllerActionInvoker|Route matched with {action = "DeletePointOfInterest", controller = "PointsOfInterest"}. Executing controller action with signature Microsoft.AspNetCore.Mvc.IActionResult DeletePointOfInterest(Int32, Int32) on controller CityInfo.API.Controllers.PointsOfInterestController (CityInfo.API).
2020-02-04 01:02:53.2768|INFO|Microsoft.AspNetCore.Mvc.Internal.ControllerActionInvoker|Executing action method CityInfo.API.Controllers.PointsOfInterestController.DeletePointOfInterest (CityInfo.API) - Validation state: Valid
2020-02-04 01:02:53.2993|INFO|Microsoft.AspNetCore.Mvc.Internal.ControllerActionInvoker|Executed action method CityInfo.API.Controllers.PointsOfInterestController.DeletePointOfInterest (CityInfo.API), returned result Microsoft.AspNetCore.Mvc.NoContentResult in 14.5422ms.
2020-02-04 01:02:53.2993|INFO|Microsoft.AspNetCore.Mvc.StatusCodeResult|Executing HttpStatusCodeResult, setting HTTP status code 204
2020-02-04 01:02:53.3208|INFO|Microsoft.AspNetCore.Mvc.Internal.ControllerActionInvoker|Executed action CityInfo.API.Controllers.PointsOfInterestController.DeletePointOfInterest (CityInfo.API) in 70.3677ms
2020-02-04 01:02:53.3445|INFO|Microsoft.AspNetCore.Hosting.Internal.WebHost|Request finished in 243.3026ms 204 
2020-02-04 01:22:11.1617|INFO|CityInfo.API.Program|Initializing application...
2020-02-04 01:22:16.2491|INFO|Microsoft.AspNetCore.DataProtection.KeyManagement.XmlKeyManager|User profile is available. Using 'C:\Users\topu_\AppData\Local\ASP.NET\DataProtection-Keys' as key repository and Windows DPAPI to encrypt keys at rest.
2020-02-04 01:22:17.7890|INFO|Microsoft.AspNetCore.Hosting.Internal.WebHost|Request starting HTTP/1.1 GET http://localhost:1028/  
2020-02-04 01:22:17.7890|INFO|Microsoft.AspNetCore.Hosting.Internal.WebHost|Request starting HTTP/1.1 DEBUG http://localhost:1028/  0
2020-02-04 01:22:17.9142|INFO|Microsoft.AspNetCore.Hosting.Internal.WebHost|Request finished in 126.1611ms 200 
2020-02-04 01:22:18.3965|INFO|Microsoft.AspNetCore.Hosting.Internal.WebHost|Request finished in 622.3748ms 404 text/plain
2020-02-04 01:22:28.2499|INFO|Microsoft.AspNetCore.Hosting.Internal.WebHost|Request starting HTTP/1.1 DELETE http://localhost:1028/api/cities/1/pointsofinterest/1  0
2020-02-04 01:22:28.3793|INFO|Microsoft.AspNetCore.Mvc.Internal.ControllerActionInvoker|Route matched with {action = "DeletePointOfInterest", controller = "PointsOfInterest"}. Executing controller action with signature Microsoft.AspNetCore.Mvc.IActionResult DeletePointOfInterest(Int32, Int32) on controller CityInfo.API.Controllers.PointsOfInterestController (CityInfo.API).
2020-02-04 01:22:28.4514|INFO|Microsoft.AspNetCore.Mvc.Internal.ControllerActionInvoker|Executing action method CityInfo.API.Controllers.PointsOfInterestController.DeletePointOfInterest (CityInfo.API) - Validation state: Valid
2020-02-04 01:22:28.4984|INFO|Microsoft.AspNetCore.Mvc.Internal.ControllerActionInvoker|Executed action method CityInfo.API.Controllers.PointsOfInterestController.DeletePointOfInterest (CityInfo.API), returned result Microsoft.AspNetCore.Mvc.NoContentResult in 24.3856ms.
2020-02-04 01:22:28.5267|INFO|Microsoft.AspNetCore.Mvc.StatusCodeResult|Executing HttpStatusCodeResult, setting HTTP status code 204
2020-02-04 01:22:28.5383|INFO|Microsoft.AspNetCore.Mvc.Internal.ControllerActionInvoker|Executed action CityInfo.API.Controllers.PointsOfInterestController.DeletePointOfInterest (CityInfo.API) in 148.3487ms
2020-02-04 01:22:28.5610|INFO|Microsoft.AspNetCore.Hosting.Internal.WebHost|Request finished in 306.0646ms 204 
2020-02-04 01:47:45.5067|INFO|CityInfo.API.Program|Initializing application...
2020-02-04 01:47:50.0029|INFO|Microsoft.AspNetCore.DataProtection.KeyManagement.XmlKeyManager|User profile is available. Using 'C:\Users\topu_\AppData\Local\ASP.NET\DataProtection-Keys' as key repository and Windows DPAPI to encrypt keys at rest.
2020-02-04 01:47:51.3165|INFO|Microsoft.AspNetCore.Hosting.Internal.WebHost|Request starting HTTP/1.1 GET http://localhost:1028/  
2020-02-04 01:47:51.3165|INFO|Microsoft.AspNetCore.Hosting.Internal.WebHost|Request starting HTTP/1.1 DEBUG http://localhost:1028/  0
2020-02-04 01:47:51.4856|INFO|Microsoft.AspNetCore.Hosting.Internal.WebHost|Request finished in 153.322ms 200 
2020-02-04 01:47:51.8262|INFO|Microsoft.AspNetCore.Hosting.Internal.WebHost|Request finished in 505.713ms 404 text/plain
2020-02-04 01:47:53.8795|INFO|Microsoft.AspNetCore.Hosting.Internal.WebHost|Request starting HTTP/1.1 DELETE http://localhost:1028/api/cities/1/pointsofinterest/1  0
2020-02-04 01:47:53.9620|INFO|Microsoft.AspNetCore.Mvc.Internal.ControllerActionInvoker|Route matched with {action = "DeletePointOfInterest", controller = "PointsOfInterest"}. Executing controller action with signature Microsoft.AspNetCore.Mvc.IActionResult DeletePointOfInterest(Int32, Int32) on controller CityInfo.API.Controllers.PointsOfInterestController (CityInfo.API).
2020-02-04 01:47:54.0317|INFO|Microsoft.AspNetCore.Mvc.Internal.ControllerActionInvoker|Executing action method CityInfo.API.Controllers.PointsOfInterestController.DeletePointOfInterest (CityInfo.API) - Validation state: Valid
2020-02-04 01:47:54.0701|INFO|Microsoft.AspNetCore.Mvc.Internal.ControllerActionInvoker|Executed action method CityInfo.API.Controllers.PointsOfInterestController.DeletePointOfInterest (CityInfo.API), returned result Microsoft.AspNetCore.Mvc.NoContentResult in 24.6408ms.
2020-02-04 01:47:54.0899|INFO|Microsoft.AspNetCore.Mvc.StatusCodeResult|Executing HttpStatusCodeResult, setting HTTP status code 204
2020-02-04 01:47:54.1010|INFO|Microsoft.AspNetCore.Mvc.Internal.ControllerActionInvoker|Executed action CityInfo.API.Controllers.PointsOfInterestController.DeletePointOfInterest (CityInfo.API) in 129.3098ms
2020-02-04 01:47:54.1149|INFO|Microsoft.AspNetCore.Hosting.Internal.WebHost|Request finished in 237.5211ms 204 
2020-02-04 01:56:25.8653|INFO|CityInfo.API.Program|Initializing application...
2020-02-04 01:56:27.5699|INFO|Microsoft.AspNetCore.DataProtection.KeyManagement.XmlKeyManager|User profile is available. Using 'C:\Users\topu_\AppData\Local\ASP.NET\DataProtection-Keys' as key repository and Windows DPAPI to encrypt keys at rest.
2020-02-04 01:56:28.4784|INFO|Microsoft.AspNetCore.Hosting.Internal.WebHost|Request starting HTTP/1.1 DEBUG http://localhost:1028/  0
2020-02-04 01:56:28.4784|INFO|Microsoft.AspNetCore.Hosting.Internal.WebHost|Request starting HTTP/1.1 GET http://localhost:1028/  
2020-02-04 01:56:28.5666|INFO|Microsoft.AspNetCore.Hosting.Internal.WebHost|Request finished in 82.1661ms 200 
2020-02-04 01:56:28.8171|INFO|Microsoft.AspNetCore.Hosting.Internal.WebHost|Request finished in 342.9432ms 404 text/plain
2020-02-04 01:56:46.2772|INFO|Microsoft.AspNetCore.Hosting.Internal.WebHost|Request starting HTTP/1.1 DELETE http://localhost:1028/api/cities/1/pointsofinterest/1  0
2020-02-04 01:56:46.4017|INFO|Microsoft.AspNetCore.Mvc.Internal.ControllerActionInvoker|Route matched with {action = "DeletePointOfInterest", controller = "PointsOfInterest"}. Executing controller action with signature Microsoft.AspNetCore.Mvc.IActionResult DeletePointOfInterest(Int32, Int32) on controller CityInfo.API.Controllers.PointsOfInterestController (CityInfo.API).
2020-02-04 01:56:46.4534|INFO|Microsoft.AspNetCore.Mvc.Internal.ControllerActionInvoker|Executing action method CityInfo.API.Controllers.PointsOfInterestController.DeletePointOfInterest (CityInfo.API) - Validation state: Valid
2020-02-04 01:56:46.4770|INFO|Microsoft.AspNetCore.Mvc.Internal.ControllerActionInvoker|Executed action method CityInfo.API.Controllers.PointsOfInterestController.DeletePointOfInterest (CityInfo.API), returned result Microsoft.AspNetCore.Mvc.NoContentResult in 15.0905ms.
2020-02-04 01:56:46.4935|INFO|Microsoft.AspNetCore.Mvc.StatusCodeResult|Executing HttpStatusCodeResult, setting HTTP status code 204
2020-02-04 01:56:46.5013|INFO|Microsoft.AspNetCore.Mvc.Internal.ControllerActionInvoker|Executed action CityInfo.API.Controllers.PointsOfInterestController.DeletePointOfInterest (CityInfo.API) in 90.0156ms
2020-02-04 01:56:46.5013|INFO|Microsoft.AspNetCore.Hosting.Internal.WebHost|Request finished in 236.1094ms 204 
2020-02-04 01:59:14.6331|INFO|CityInfo.API.Program|Initializing application...
2020-02-04 01:59:18.2712|INFO|Microsoft.AspNetCore.DataProtection.KeyManagement.XmlKeyManager|User profile is available. Using 'C:\Users\topu_\AppData\Local\ASP.NET\DataProtection-Keys' as key repository and Windows DPAPI to encrypt keys at rest.
2020-02-04 01:59:19.3112|FATAL|Microsoft.AspNetCore.Hosting.Internal.WebHost|Application startup exception
2020-02-04 01:59:19.7680|INFO|Microsoft.AspNetCore.Hosting.Internal.WebHost|Request starting HTTP/1.1 GET http://localhost:1028/  
2020-02-04 01:59:19.7680|INFO|Microsoft.AspNetCore.Hosting.Internal.WebHost|Request starting HTTP/1.1 DEBUG http://localhost:1028/  0
2020-02-04 01:59:19.8015|ERROR|Microsoft.AspNetCore.Server.Kestrel|Connection id "0HLT91LRJAH35", Request id "0HLT91LRJAH35:00000001": An unhandled exception was thrown by the application.
2020-02-04 01:59:19.8139|INFO|Microsoft.AspNetCore.Hosting.Internal.WebHost|Request finished in 43.2676ms 500 
2020-02-04 01:59:19.8139|INFO|Microsoft.AspNetCore.Hosting.Internal.WebHost|Request finished in 45.2365ms 500 text/html; charset=utf-8
2020-02-04 01:59:25.7926|INFO|Microsoft.AspNetCore.Hosting.Internal.WebHost|Request starting HTTP/1.1 DELETE http://localhost:1028/api/cities/1/pointsofinterest/1  0
2020-02-04 01:59:25.8023|INFO|Microsoft.AspNetCore.Hosting.Internal.WebHost|Request finished in 6.6595ms 500 text/html; charset=utf-8
2020-02-04 02:01:53.3840|INFO|CityInfo.API.Program|Initializing application...
2020-02-04 02:01:56.7554|INFO|Microsoft.AspNetCore.DataProtection.KeyManagement.XmlKeyManager|User profile is available. Using 'C:\Users\topu_\AppData\Local\ASP.NET\DataProtection-Keys' as key repository and Windows DPAPI to encrypt keys at rest.
2020-02-04 02:01:57.5282|FATAL|Microsoft.AspNetCore.Hosting.Internal.WebHost|Application startup exception
2020-02-04 02:01:57.9004|INFO|Microsoft.AspNetCore.Hosting.Internal.WebHost|Request starting HTTP/1.1 GET http://localhost:1028/  
2020-02-04 02:01:57.9004|INFO|Microsoft.AspNetCore.Hosting.Internal.WebHost|Request starting HTTP/1.1 DEBUG http://localhost:1028/  0
2020-02-04 02:01:57.9837|ERROR|Microsoft.AspNetCore.Server.Kestrel|Connection id "0HLT91NAO0FS9", Request id "0HLT91NAO0FS9:00000001": An unhandled exception was thrown by the application.
2020-02-04 02:01:57.9837|INFO|Microsoft.AspNetCore.Hosting.Internal.WebHost|Request finished in 83.4897ms 500 
2020-02-04 02:01:58.0006|INFO|Microsoft.AspNetCore.Hosting.Internal.WebHost|Request finished in 91.7534ms 500 text/html; charset=utf-8
2020-02-04 02:02:05.0550|INFO|Microsoft.AspNetCore.Hosting.Internal.WebHost|Request starting HTTP/1.1 DELETE http://localhost:1028/api/cities/1/pointsofinterest/1  0
2020-02-04 02:02:05.0655|INFO|Microsoft.AspNetCore.Hosting.Internal.WebHost|Request finished in 7.9242ms 500 text/html; charset=utf-8
2020-02-04 02:05:41.3072|INFO|CityInfo.API.Program|Initializing application...
2020-02-04 02:05:42.9457|INFO|Microsoft.AspNetCore.DataProtection.KeyManagement.XmlKeyManager|User profile is available. Using 'C:\Users\topu_\AppData\Local\ASP.NET\DataProtection-Keys' as key repository and Windows DPAPI to encrypt keys at rest.
2020-02-04 02:05:43.5147|FATAL|Microsoft.AspNetCore.Hosting.Internal.WebHost|Application startup exception
2020-02-04 02:05:43.9783|INFO|Microsoft.AspNetCore.Hosting.Internal.WebHost|Request starting HTTP/1.1 DEBUG http://localhost:1028/  0
2020-02-04 02:05:43.9783|INFO|Microsoft.AspNetCore.Hosting.Internal.WebHost|Request starting HTTP/1.1 GET http://localhost:1028/  
2020-02-04 02:05:44.0177|ERROR|Microsoft.AspNetCore.Server.Kestrel|Connection id "0HLT91PE3QJ98", Request id "0HLT91PE3QJ98:00000001": An unhandled exception was thrown by the application.
2020-02-04 02:05:44.0177|ERROR|Microsoft.AspNetCore.Server.Kestrel|Connection id "0HLT91PE3QJ99", Request id "0HLT91PE3QJ99:00000001": An unhandled exception was thrown by the application.
2020-02-04 02:05:44.0426|INFO|Microsoft.AspNetCore.Hosting.Internal.WebHost|Request finished in 68.6442ms 500 
2020-02-04 02:05:44.0426|INFO|Microsoft.AspNetCore.Hosting.Internal.WebHost|Request finished in 68.6713ms 500 
2020-02-04 02:10:14.0117|INFO|CityInfo.API.Program|Initializing application...
2020-02-04 02:10:15.8180|INFO|Microsoft.AspNetCore.DataProtection.KeyManagement.XmlKeyManager|User profile is available. Using 'C:\Users\topu_\AppData\Local\ASP.NET\DataProtection-Keys' as key repository and Windows DPAPI to encrypt keys at rest.
2020-02-04 02:10:16.3835|FATAL|Microsoft.AspNetCore.Hosting.Internal.WebHost|Application startup exception
2020-02-04 02:10:16.8307|INFO|Microsoft.AspNetCore.Hosting.Internal.WebHost|Request starting HTTP/1.1 GET http://localhost:1028/  
2020-02-04 02:10:16.8307|INFO|Microsoft.AspNetCore.Hosting.Internal.WebHost|Request starting HTTP/1.1 DEBUG http://localhost:1028/  0
2020-02-04 02:10:16.9032|ERROR|Microsoft.AspNetCore.Server.Kestrel|Connection id "0HLT91RVDJ6TF", Request id "0HLT91RVDJ6TF:00000001": An unhandled exception was thrown by the application.
2020-02-04 02:10:16.9302|INFO|Microsoft.AspNetCore.Hosting.Internal.WebHost|Request finished in 79.9482ms 500 text/html; charset=utf-8
2020-02-04 02:10:16.9302|INFO|Microsoft.AspNetCore.Hosting.Internal.WebHost|Request finished in 97.9338ms 500 
2020-02-04 02:11:21.0464|INFO|CityInfo.API.Program|Initializing application...
2020-02-04 02:11:22.9442|INFO|Microsoft.AspNetCore.DataProtection.KeyManagement.XmlKeyManager|User profile is available. Using 'C:\Users\topu_\AppData\Local\ASP.NET\DataProtection-Keys' as key repository and Windows DPAPI to encrypt keys at rest.
2020-02-04 02:11:23.5163|FATAL|Microsoft.AspNetCore.Hosting.Internal.WebHost|Application startup exception
2020-02-04 02:11:23.9405|INFO|Microsoft.AspNetCore.Hosting.Internal.WebHost|Request starting HTTP/1.1 GET http://localhost:1028/  
2020-02-04 02:11:23.9405|INFO|Microsoft.AspNetCore.Hosting.Internal.WebHost|Request starting HTTP/1.1 DEBUG http://localhost:1028/  0
2020-02-04 02:11:23.9740|ERROR|Microsoft.AspNetCore.Server.Kestrel|Connection id "0HLT91SJDP1J9", Request id "0HLT91SJDP1J9:00000001": An unhandled exception was thrown by the application.
2020-02-04 02:11:23.9868|INFO|Microsoft.AspNetCore.Hosting.Internal.WebHost|Request finished in 44.9407ms 500 text/html; charset=utf-8
2020-02-04 02:11:23.9868|INFO|Microsoft.AspNetCore.Hosting.Internal.WebHost|Request finished in 47.4809ms 500 
2020-02-04 02:14:22.2717|INFO|CityInfo.API.Program|Initializing application...
2020-02-04 02:14:24.0467|INFO|Microsoft.AspNetCore.DataProtection.KeyManagement.XmlKeyManager|User profile is available. Using 'C:\Users\topu_\AppData\Local\ASP.NET\DataProtection-Keys' as key repository and Windows DPAPI to encrypt keys at rest.
2020-02-04 02:14:24.7484|FATAL|Microsoft.AspNetCore.Hosting.Internal.WebHost|Application startup exception
2020-02-04 02:14:25.1539|INFO|Microsoft.AspNetCore.Hosting.Internal.WebHost|Request starting HTTP/1.1 DEBUG http://localhost:1028/  0
2020-02-04 02:14:25.1539|INFO|Microsoft.AspNetCore.Hosting.Internal.WebHost|Request starting HTTP/1.1 GET http://localhost:1028/  
2020-02-04 02:14:25.1892|ERROR|Microsoft.AspNetCore.Server.Kestrel|Connection id "0HLT91U9EEO2D", Request id "0HLT91U9EEO2D:00000001": An unhandled exception was thrown by the application.
2020-02-04 02:14:25.1892|INFO|Microsoft.AspNetCore.Hosting.Internal.WebHost|Request finished in 43.2104ms 500 text/html; charset=utf-8
2020-02-04 02:14:25.1892|INFO|Microsoft.AspNetCore.Hosting.Internal.WebHost|Request finished in 47.9058ms 500 
2020-02-04 02:15:13.6681|INFO|CityInfo.API.Program|Initializing application...
2020-02-04 02:15:16.2498|INFO|Microsoft.AspNetCore.DataProtection.KeyManagement.XmlKeyManager|User profile is available. Using 'C:\Users\topu_\AppData\Local\ASP.NET\DataProtection-Keys' as key repository and Windows DPAPI to encrypt keys at rest.
2020-02-04 02:15:16.9088|FATAL|Microsoft.AspNetCore.Hosting.Internal.WebHost|Application startup exception
2020-02-04 02:15:17.5146|INFO|Microsoft.AspNetCore.Hosting.Internal.WebHost|Request starting HTTP/1.1 GET http://localhost:1028/  
2020-02-04 02:15:17.5146|INFO|Microsoft.AspNetCore.Hosting.Internal.WebHost|Request starting HTTP/1.1 DEBUG http://localhost:1028/  0
2020-02-04 02:15:17.5688|ERROR|Microsoft.AspNetCore.Server.Kestrel|Connection id "0HLT91UP0O247", Request id "0HLT91UP0O247:00000001": An unhandled exception was thrown by the application.
2020-02-04 02:15:17.5688|INFO|Microsoft.AspNetCore.Hosting.Internal.WebHost|Request finished in 79.868ms 500 text/html; charset=utf-8
2020-02-04 02:15:17.5840|INFO|Microsoft.AspNetCore.Hosting.Internal.WebHost|Request finished in 92.025ms 500 
2020-02-04 02:19:41.8411|INFO|CityInfo.API.Program|Initializing application...
2020-02-04 02:19:43.7246|INFO|Microsoft.AspNetCore.DataProtection.KeyManagement.XmlKeyManager|User profile is available. Using 'C:\Users\topu_\AppData\Local\ASP.NET\DataProtection-Keys' as key repository and Windows DPAPI to encrypt keys at rest.
2020-02-04 02:19:44.3446|FATAL|Microsoft.AspNetCore.Hosting.Internal.WebHost|Application startup exception
2020-02-04 02:19:44.6287|INFO|Microsoft.AspNetCore.Hosting.Internal.WebHost|Request starting HTTP/1.1 DEBUG http://localhost:1028/  0
2020-02-04 02:19:44.6287|INFO|Microsoft.AspNetCore.Hosting.Internal.WebHost|Request starting HTTP/1.1 GET http://localhost:1028/  
2020-02-04 02:19:44.7123|ERROR|Microsoft.AspNetCore.Server.Kestrel|Connection id "0HLT9218KPL82", Request id "0HLT9218KPL82:00000001": An unhandled exception was thrown by the application.
2020-02-04 02:19:44.7123|INFO|Microsoft.AspNetCore.Hosting.Internal.WebHost|Request finished in 62.6483ms 500 text/html; charset=utf-8
2020-02-04 02:19:44.7716|INFO|Microsoft.AspNetCore.Hosting.Internal.WebHost|Request finished in 108.6185ms 500 
2020-02-04 02:30:50.7812|INFO|CityInfo.API.Program|Initializing application...
2020-02-04 02:34:34.0399|INFO|CityInfo.API.Program|Initializing application...
2020-02-04 02:34:35.9552|INFO|Microsoft.AspNetCore.DataProtection.KeyManagement.XmlKeyManager|User profile is available. Using 'C:\Users\topu_\AppData\Local\ASP.NET\DataProtection-Keys' as key repository and Windows DPAPI to encrypt keys at rest.
2020-02-04 02:34:36.4962|FATAL|Microsoft.AspNetCore.Hosting.Internal.WebHost|Application startup exception
2020-02-04 02:34:36.8357|INFO|Microsoft.AspNetCore.Hosting.Internal.WebHost|Request starting HTTP/1.1 DEBUG http://localhost:1028/  0
2020-02-04 02:34:36.8357|INFO|Microsoft.AspNetCore.Hosting.Internal.WebHost|Request starting HTTP/1.1 GET http://localhost:1028/  
2020-02-04 02:34:36.8757|ERROR|Microsoft.AspNetCore.Server.Kestrel|Connection id "0HLT929IHRRGI", Request id "0HLT929IHRRGI:00000001": An unhandled exception was thrown by the application.
2020-02-04 02:34:36.8757|INFO|Microsoft.AspNetCore.Hosting.Internal.WebHost|Request finished in 38.1506ms 500 
2020-02-04 02:34:36.8757|INFO|Microsoft.AspNetCore.Hosting.Internal.WebHost|Request finished in 52.3039ms 500 text/html; charset=utf-8
2020-02-04 14:10:25.2205|INFO|CityInfo.API.Program|Initializing application...
2020-02-04 14:10:29.4833|INFO|Microsoft.AspNetCore.DataProtection.KeyManagement.XmlKeyManager|User profile is available. Using 'C:\Users\topu_\AppData\Local\ASP.NET\DataProtection-Keys' as key repository and Windows DPAPI to encrypt keys at rest.
2020-02-04 14:10:30.4158|FATAL|Microsoft.AspNetCore.Hosting.Internal.WebHost|Application startup exception
2020-02-04 14:10:30.9658|INFO|Microsoft.AspNetCore.Hosting.Internal.WebHost|Request starting HTTP/1.1 GET http://localhost:1028/  
2020-02-04 14:10:30.9658|INFO|Microsoft.AspNetCore.Hosting.Internal.WebHost|Request starting HTTP/1.1 DEBUG http://localhost:1028/  0
2020-02-04 14:10:30.9933|ERROR|Microsoft.AspNetCore.Server.Kestrel|Connection id "0HLT9EEE7F2LC", Request id "0HLT9EEE7F2LC:00000001": An unhandled exception was thrown by the application.
2020-02-04 14:10:31.0429|INFO|Microsoft.AspNetCore.Hosting.Internal.WebHost|Request finished in 75.8739ms 500 
2020-02-04 14:10:31.0530|INFO|Microsoft.AspNetCore.Hosting.Internal.WebHost|Request finished in 84.3165ms 500 text/html; charset=utf-8
2020-02-04 14:11:24.1378|INFO|CityInfo.API.Program|Initializing application...
2020-02-04 14:11:26.3524|INFO|Microsoft.AspNetCore.DataProtection.KeyManagement.XmlKeyManager|User profile is available. Using 'C:\Users\topu_\AppData\Local\ASP.NET\DataProtection-Keys' as key repository and Windows DPAPI to encrypt keys at rest.
2020-02-04 14:11:27.5364|INFO|Microsoft.AspNetCore.Hosting.Internal.WebHost|Request starting HTTP/1.1 DEBUG http://localhost:1028/  0
2020-02-04 14:11:27.5364|INFO|Microsoft.AspNetCore.Hosting.Internal.WebHost|Request starting HTTP/1.1 GET http://localhost:1028/  
2020-02-04 14:11:27.6550|INFO|Microsoft.AspNetCore.Hosting.Internal.WebHost|Request finished in 124.3916ms 200 
2020-02-04 14:11:28.0896|INFO|Microsoft.AspNetCore.Hosting.Internal.WebHost|Request finished in 551.7854ms 404 text/plain
2020-02-04 14:14:01.7089|INFO|Microsoft.AspNetCore.Hosting.Internal.WebHost|Request starting HTTP/1.1 DELETE http://localhost:1028/api/cities/1/pointsofinterest/1  0
2020-02-04 14:14:02.8748|INFO|Microsoft.AspNetCore.Mvc.Internal.ControllerActionInvoker|Route matched with {action = "DeletePointOfInterest", controller = "PointsOfInterest"}. Executing controller action with signature Microsoft.AspNetCore.Mvc.IActionResult DeletePointOfInterest(Int32, Int32) on controller CityInfo.API.Controllers.PointsOfInterestController (CityInfo.API).
2020-02-04 14:14:02.9809|INFO|Microsoft.AspNetCore.Mvc.Internal.ControllerActionInvoker|Executing action method CityInfo.API.Controllers.PointsOfInterestController.DeletePointOfInterest (CityInfo.API) - Validation state: Valid
2020-02-04 14:14:03.0056|INFO|Microsoft.AspNetCore.Mvc.Internal.ControllerActionInvoker|Executed action method CityInfo.API.Controllers.PointsOfInterestController.DeletePointOfInterest (CityInfo.API), returned result Microsoft.AspNetCore.Mvc.NoContentResult in 16.1501ms.
2020-02-04 14:14:03.0237|INFO|Microsoft.AspNetCore.Mvc.StatusCodeResult|Executing HttpStatusCodeResult, setting HTTP status code 204
2020-02-04 14:14:03.0335|INFO|Microsoft.AspNetCore.Mvc.Internal.ControllerActionInvoker|Executed action CityInfo.API.Controllers.PointsOfInterestController.DeletePointOfInterest (CityInfo.API) in 132.5276ms
2020-02-04 14:14:03.0552|INFO|Microsoft.AspNetCore.Hosting.Internal.WebHost|Request finished in 1379.1323ms 204 
2020-02-04 14:15:36.7106|INFO|CityInfo.API.Program|Initializing application...
2020-02-04 14:15:38.5754|INFO|Microsoft.AspNetCore.DataProtection.KeyManagement.XmlKeyManager|User profile is available. Using 'C:\Users\topu_\AppData\Local\ASP.NET\DataProtection-Keys' as key repository and Windows DPAPI to encrypt keys at rest.
2020-02-04 14:15:39.5460|INFO|Microsoft.AspNetCore.Hosting.Internal.WebHost|Request starting HTTP/1.1 GET http://localhost:1028/  
2020-02-04 14:15:39.5460|INFO|Microsoft.AspNetCore.Hosting.Internal.WebHost|Request starting HTTP/1.1 DEBUG http://localhost:1028/  0
2020-02-04 14:15:39.6614|INFO|Microsoft.AspNetCore.Hosting.Internal.WebHost|Request finished in 85.325ms 200 
2020-02-04 14:15:40.6671|INFO|Microsoft.AspNetCore.Hosting.Internal.WebHost|Request finished in 1108.6627ms 404 text/plain
2020-02-04 14:15:57.4088|INFO|Microsoft.AspNetCore.Hosting.Internal.WebHost|Request starting HTTP/1.1 DELETE http://localhost:1028/api/cities/1/pointsofinterest/1  0
2020-02-04 14:15:57.5266|INFO|Microsoft.AspNetCore.Mvc.Internal.ControllerActionInvoker|Route matched with {action = "DeletePointOfInterest", controller = "PointsOfInterest"}. Executing controller action with signature Microsoft.AspNetCore.Mvc.IActionResult DeletePointOfInterest(Int32, Int32) on controller CityInfo.API.Controllers.PointsOfInterestController (CityInfo.API).
2020-02-04 14:15:57.6009|INFO|Microsoft.AspNetCore.Mvc.Internal.ControllerActionInvoker|Executing action method CityInfo.API.Controllers.PointsOfInterestController.DeletePointOfInterest (CityInfo.API) - Validation state: Valid
2020-02-04 14:15:57.6758|INFO|Microsoft.AspNetCore.Mvc.Internal.ControllerActionInvoker|Executed action method CityInfo.API.Controllers.PointsOfInterestController.DeletePointOfInterest (CityInfo.API), returned result Microsoft.AspNetCore.Mvc.NoContentResult in 45.6757ms.
2020-02-04 14:15:57.6980|INFO|Microsoft.AspNetCore.Mvc.StatusCodeResult|Executing HttpStatusCodeResult, setting HTTP status code 204
2020-02-04 14:15:57.7141|INFO|Microsoft.AspNetCore.Mvc.Internal.ControllerActionInvoker|Executed action CityInfo.API.Controllers.PointsOfInterestController.DeletePointOfInterest (CityInfo.API) in 172.837ms
2020-02-04 14:15:57.7430|INFO|Microsoft.AspNetCore.Hosting.Internal.WebHost|Request finished in 327.3789ms 204 
2020-02-04 14:17:02.8906|INFO|CityInfo.API.Program|Initializing application...
2020-02-04 14:17:04.6887|INFO|Microsoft.AspNetCore.DataProtection.KeyManagement.XmlKeyManager|User profile is available. Using 'C:\Users\topu_\AppData\Local\ASP.NET\DataProtection-Keys' as key repository and Windows DPAPI to encrypt keys at rest.
2020-02-04 14:17:05.3622|FATAL|Microsoft.AspNetCore.Hosting.Internal.WebHost|Application startup exception
2020-02-04 14:17:05.8560|INFO|Microsoft.AspNetCore.Hosting.Internal.WebHost|Request starting HTTP/1.1 DEBUG http://localhost:1028/  0
2020-02-04 14:17:05.8560|INFO|Microsoft.AspNetCore.Hosting.Internal.WebHost|Request starting HTTP/1.1 GET http://localhost:1028/  
2020-02-04 14:17:05.8842|ERROR|Microsoft.AspNetCore.Server.Kestrel|Connection id "0HLT9EI3U2DKE", Request id "0HLT9EI3U2DKE:00000001": An unhandled exception was thrown by the application.
2020-02-04 14:17:05.8944|INFO|Microsoft.AspNetCore.Hosting.Internal.WebHost|Request finished in 38.1649ms 500 
2020-02-04 14:17:05.8944|INFO|Microsoft.AspNetCore.Hosting.Internal.WebHost|Request finished in 41.2069ms 500 text/html; charset=utf-8
2020-02-04 14:18:41.8049|INFO|CityInfo.API.Program|Initializing application...
2020-02-04 14:18:43.8369|INFO|Microsoft.AspNetCore.DataProtection.KeyManagement.XmlKeyManager|User profile is available. Using 'C:\Users\topu_\AppData\Local\ASP.NET\DataProtection-Keys' as key repository and Windows DPAPI to encrypt keys at rest.
2020-02-04 14:18:44.3351|FATAL|Microsoft.AspNetCore.Hosting.Internal.WebHost|Application startup exception
2020-02-04 14:18:44.8396|INFO|Microsoft.AspNetCore.Hosting.Internal.WebHost|Request starting HTTP/1.1 DEBUG http://localhost:1028/  0
2020-02-04 14:18:44.8396|INFO|Microsoft.AspNetCore.Hosting.Internal.WebHost|Request starting HTTP/1.1 GET http://localhost:1028/  
2020-02-04 14:18:44.8628|INFO|Microsoft.AspNetCore.Hosting.Internal.WebHost|Request finished in 29.784ms 500 
2020-02-04 14:18:44.8628|INFO|Microsoft.AspNetCore.Hosting.Internal.WebHost|Request finished in 31.8233ms 500 text/html; charset=utf-8
2020-02-04 14:19:32.8147|INFO|CityInfo.API.Program|Initializing application...
2020-02-04 14:19:34.9093|INFO|Microsoft.AspNetCore.DataProtection.KeyManagement.XmlKeyManager|User profile is available. Using 'C:\Users\topu_\AppData\Local\ASP.NET\DataProtection-Keys' as key repository and Windows DPAPI to encrypt keys at rest.
2020-02-04 14:19:35.6219|FATAL|Microsoft.AspNetCore.Hosting.Internal.WebHost|Application startup exception
2020-02-04 14:19:36.1845|INFO|Microsoft.AspNetCore.Hosting.Internal.WebHost|Request starting HTTP/1.1 GET http://localhost:1028/  
2020-02-04 14:19:36.1845|INFO|Microsoft.AspNetCore.Hosting.Internal.WebHost|Request starting HTTP/1.1 DEBUG http://localhost:1028/  0
2020-02-04 14:19:36.2366|INFO|Microsoft.AspNetCore.Hosting.Internal.WebHost|Request finished in 44.016ms 500 text/html; charset=utf-8
2020-02-04 14:19:36.2480|ERROR|Microsoft.AspNetCore.Server.Kestrel|Connection id "0HLT9EJGNDRAK", Request id "0HLT9EJGNDRAK:00000001": An unhandled exception was thrown by the application.
2020-02-04 14:19:36.2480|INFO|Microsoft.AspNetCore.Hosting.Internal.WebHost|Request finished in 74.1319ms 500 
2020-02-04 14:21:54.0534|INFO|CityInfo.API.Program|Initializing application...
2020-02-04 14:21:55.7288|INFO|Microsoft.AspNetCore.DataProtection.KeyManagement.XmlKeyManager|User profile is available. Using 'C:\Users\topu_\AppData\Local\ASP.NET\DataProtection-Keys' as key repository and Windows DPAPI to encrypt keys at rest.
2020-02-04 14:21:56.6405|INFO|Microsoft.AspNetCore.Hosting.Internal.WebHost|Request starting HTTP/1.1 DEBUG http://localhost:1028/  0
2020-02-04 14:21:56.6405|INFO|Microsoft.AspNetCore.Hosting.Internal.WebHost|Request starting HTTP/1.1 GET http://localhost:1028/  
2020-02-04 14:21:56.7535|INFO|Microsoft.AspNetCore.Hosting.Internal.WebHost|Request finished in 105.5591ms 200 
2020-02-04 14:21:57.0032|INFO|Microsoft.AspNetCore.Hosting.Internal.WebHost|Request finished in 363.3106ms 404 text/plain
2020-02-04 14:23:15.2426|INFO|CityInfo.API.Program|Initializing application...
2020-02-04 14:23:17.1664|INFO|Microsoft.AspNetCore.DataProtection.KeyManagement.XmlKeyManager|User profile is available. Using 'C:\Users\topu_\AppData\Local\ASP.NET\DataProtection-Keys' as key repository and Windows DPAPI to encrypt keys at rest.
2020-02-04 14:23:17.8427|FATAL|Microsoft.AspNetCore.Hosting.Internal.WebHost|Application startup exception
2020-02-04 14:23:18.1691|INFO|Microsoft.AspNetCore.Hosting.Internal.WebHost|Request starting HTTP/1.1 DEBUG http://localhost:1028/  0
2020-02-04 14:23:18.1691|INFO|Microsoft.AspNetCore.Hosting.Internal.WebHost|Request starting HTTP/1.1 GET http://localhost:1028/  
2020-02-04 14:23:18.1966|ERROR|Microsoft.AspNetCore.Server.Kestrel|Connection id "0HLT9ELISVJE8", Request id "0HLT9ELISVJE8:00000001": An unhandled exception was thrown by the application.
2020-02-04 14:23:18.1966|ERROR|Microsoft.AspNetCore.Server.Kestrel|Connection id "0HLT9ELISVJE7", Request id "0HLT9ELISVJE7:00000001": An unhandled exception was thrown by the application.
2020-02-04 14:23:18.2182|INFO|Microsoft.AspNetCore.Hosting.Internal.WebHost|Request finished in 48.9838ms 500 
2020-02-04 14:23:18.2182|INFO|Microsoft.AspNetCore.Hosting.Internal.WebHost|Request finished in 48.9881ms 500 
2020-02-04 14:23:52.2439|INFO|CityInfo.API.Program|Initializing application...
2020-02-04 14:23:54.0172|INFO|Microsoft.AspNetCore.DataProtection.KeyManagement.XmlKeyManager|User profile is available. Using 'C:\Users\topu_\AppData\Local\ASP.NET\DataProtection-Keys' as key repository and Windows DPAPI to encrypt keys at rest.
2020-02-04 14:23:54.9886|INFO|Microsoft.AspNetCore.Hosting.Internal.WebHost|Request starting HTTP/1.1 DEBUG http://localhost:1028/  0
2020-02-04 14:23:54.9886|INFO|Microsoft.AspNetCore.Hosting.Internal.WebHost|Request starting HTTP/1.1 GET http://localhost:1028/  
2020-02-04 14:23:55.1094|INFO|Microsoft.AspNetCore.Hosting.Internal.WebHost|Request finished in 110.8663ms 200 
2020-02-04 14:23:55.4018|INFO|Microsoft.AspNetCore.Hosting.Internal.WebHost|Request finished in 418.77ms 404 text/plain
2020-02-04 14:24:23.4848|INFO|Microsoft.AspNetCore.Hosting.Internal.WebHost|Request starting HTTP/1.1 DELETE http://localhost:1028/api/cities/1/pointsofinterest/1  0
2020-02-04 14:24:23.6180|INFO|Microsoft.AspNetCore.Mvc.Internal.ControllerActionInvoker|Route matched with {action = "DeletePointOfInterest", controller = "PointsOfInterest"}. Executing controller action with signature Microsoft.AspNetCore.Mvc.IActionResult DeletePointOfInterest(Int32, Int32) on controller CityInfo.API.Controllers.PointsOfInterestController (CityInfo.API).
2020-02-04 14:24:23.6633|INFO|Microsoft.AspNetCore.Mvc.Internal.ControllerActionInvoker|Executing action method CityInfo.API.Controllers.PointsOfInterestController.DeletePointOfInterest (CityInfo.API) - Validation state: Valid
2020-02-04 14:24:23.6890|INFO|Microsoft.AspNetCore.Mvc.Internal.ControllerActionInvoker|Executed action method CityInfo.API.Controllers.PointsOfInterestController.DeletePointOfInterest (CityInfo.API), returned result Microsoft.AspNetCore.Mvc.NoContentResult in 16.0396ms.
2020-02-04 14:24:23.7017|INFO|Microsoft.AspNetCore.Mvc.StatusCodeResult|Executing HttpStatusCodeResult, setting HTTP status code 204
2020-02-04 14:24:23.7017|INFO|Microsoft.AspNetCore.Mvc.Internal.ControllerActionInvoker|Executed action CityInfo.API.Controllers.PointsOfInterestController.DeletePointOfInterest (CityInfo.API) in 84.9373ms
2020-02-04 14:24:23.7234|INFO|Microsoft.AspNetCore.Hosting.Internal.WebHost|Request finished in 241.9929ms 204 
2020-02-04 16:29:09.0361|INFO|CityInfo.API.Program|Initializing application...
2020-02-04 16:29:11.1112|INFO|Microsoft.AspNetCore.DataProtection.KeyManagement.XmlKeyManager|User profile is available. Using 'C:\Users\topu_\AppData\Local\ASP.NET\DataProtection-Keys' as key repository and Windows DPAPI to encrypt keys at rest.
2020-02-04 16:29:12.3632|INFO|Microsoft.AspNetCore.Hosting.Internal.WebHost|Request starting HTTP/1.1 DEBUG http://localhost:1028/  0
2020-02-04 16:29:12.3632|INFO|Microsoft.AspNetCore.Hosting.Internal.WebHost|Request starting HTTP/1.1 GET http://localhost:1028/  
2020-02-04 16:29:12.4788|INFO|Microsoft.AspNetCore.Hosting.Internal.WebHost|Request finished in 87.9306ms 200 
2020-02-04 16:29:12.7830|INFO|Microsoft.AspNetCore.Hosting.Internal.WebHost|Request finished in 430.0106ms 404 text/plain
2020-02-04 16:29:29.6293|INFO|Microsoft.AspNetCore.Hosting.Internal.WebHost|Request starting HTTP/1.1 GET http://localhost:1028/api/testdatabase  
2020-02-04 16:29:30.3374|INFO|Microsoft.AspNetCore.Mvc.Internal.ControllerActionInvoker|Route matched with {action = "TestDatabase", controller = "Dummy"}. Executing controller action with signature Microsoft.AspNetCore.Mvc.IActionResult TestDatabase() on controller CityInfo.API.Controllers.DummyController (CityInfo.API).
2020-02-04 16:29:31.8548|INFO|Microsoft.EntityFrameworkCore.Infrastructure|Entity Framework Core 2.1.14-servicing-32113 initialized 'CityInfoContext' using provider 'Microsoft.EntityFrameworkCore.SqlServer' with options: None
2020-02-04 16:30:18.7893|INFO|CityInfo.API.Program|Initializing application...
2020-02-04 16:30:21.1308|INFO|Microsoft.AspNetCore.DataProtection.KeyManagement.XmlKeyManager|User profile is available. Using 'C:\Users\topu_\AppData\Local\ASP.NET\DataProtection-Keys' as key repository and Windows DPAPI to encrypt keys at rest.
2020-02-04 16:30:22.2855|INFO|Microsoft.AspNetCore.Hosting.Internal.WebHost|Request starting HTTP/1.1 DEBUG http://localhost:1028/  0
2020-02-04 16:30:22.2855|INFO|Microsoft.AspNetCore.Hosting.Internal.WebHost|Request starting HTTP/1.1 GET http://localhost:1028/  
2020-02-04 16:30:22.3865|INFO|Microsoft.AspNetCore.Hosting.Internal.WebHost|Request finished in 80.6222ms 200 
2020-02-04 16:30:22.6584|INFO|Microsoft.AspNetCore.Hosting.Internal.WebHost|Request finished in 374.863ms 404 text/plain
2020-02-04 16:30:30.1407|INFO|Microsoft.AspNetCore.Hosting.Internal.WebHost|Request starting HTTP/1.1 GET http://localhost:1028/api/testdatabase  
2020-02-04 16:30:30.2617|INFO|Microsoft.AspNetCore.Mvc.Internal.ControllerActionInvoker|Route matched with {action = "TestDatabase", controller = "Dummy"}. Executing controller action with signature Microsoft.AspNetCore.Mvc.IActionResult TestDatabase() on controller CityInfo.API.Controllers.DummyController (CityInfo.API).
2020-02-04 16:30:30.9117|INFO|Microsoft.AspNetCore.Mvc.Internal.ControllerActionInvoker|Executing action method CityInfo.API.Controllers.DummyController.TestDatabase (CityInfo.API) - Validation state: Valid
2020-02-04 16:30:30.9386|INFO|Microsoft.AspNetCore.Mvc.Internal.ControllerActionInvoker|Executed action method CityInfo.API.Controllers.DummyController.TestDatabase (CityInfo.API), returned result Microsoft.AspNetCore.Mvc.OkResult in 5.1854ms.
2020-02-04 16:30:30.9543|INFO|Microsoft.AspNetCore.Mvc.StatusCodeResult|Executing HttpStatusCodeResult, setting HTTP status code 200
2020-02-04 16:30:30.9543|INFO|Microsoft.AspNetCore.Mvc.Internal.ControllerActionInvoker|Executed action CityInfo.API.Controllers.DummyController.TestDatabase (CityInfo.API) in 692.8563ms
2020-02-04 16:30:30.9796|INFO|Microsoft.AspNetCore.Hosting.Internal.WebHost|Request finished in 847.4725ms 200 
2020-02-04 16:36:02.4495|INFO|Microsoft.EntityFrameworkCore.Infrastructure|Entity Framework Core 2.1.14-servicing-32113 initialized 'CityInfoContext' using provider 'Microsoft.EntityFrameworkCore.SqlServer' with options: None
2020-02-04 16:36:40.4169|INFO|Microsoft.EntityFrameworkCore.Infrastructure|Entity Framework Core 2.1.14-servicing-32113 initialized 'CityInfoContext' using provider 'Microsoft.EntityFrameworkCore.SqlServer' with options: None
2020-02-04 16:38:42.9761|INFO|Microsoft.EntityFrameworkCore.Infrastructure|Entity Framework Core 2.1.14-servicing-32113 initialized 'CityInfoContext' using provider 'Microsoft.EntityFrameworkCore.SqlServer' with options: None
2020-02-04 16:39:18.3980|INFO|Microsoft.EntityFrameworkCore.Infrastructure|Entity Framework Core 2.1.14-servicing-32113 initialized 'CityInfoContext' using provider 'Microsoft.EntityFrameworkCore.SqlServer' with options: None
2020-02-04 16:39:32.0398|INFO|Microsoft.EntityFrameworkCore.Infrastructure|Entity Framework Core 2.1.14-servicing-32113 initialized 'CityInfoContext' using provider 'Microsoft.EntityFrameworkCore.SqlServer' with options: None
2020-02-04 20:08:16.5384|INFO|Microsoft.EntityFrameworkCore.Infrastructure|Entity Framework Core 2.1.14-servicing-32113 initialized 'CityInfoContext' using provider 'Microsoft.EntityFrameworkCore.SqlServer' with options: None
2020-02-04 20:08:52.7350|INFO|Microsoft.EntityFrameworkCore.Infrastructure|Entity Framework Core 2.1.14-servicing-32113 initialized 'CityInfoContext' using provider 'Microsoft.EntityFrameworkCore.SqlServer' with options: None
2020-02-04 20:09:08.0423|INFO|Microsoft.EntityFrameworkCore.Infrastructure|Entity Framework Core 2.1.14-servicing-32113 initialized 'CityInfoContext' using provider 'Microsoft.EntityFrameworkCore.SqlServer' with options: None
2020-02-04 20:13:42.9705|INFO|Microsoft.EntityFrameworkCore.Infrastructure|Entity Framework Core 2.1.14-servicing-32113 initialized 'CityInfoContext' using provider 'Microsoft.EntityFrameworkCore.SqlServer' with options: None
2020-02-04 20:14:05.2648|INFO|Microsoft.EntityFrameworkCore.Infrastructure|Entity Framework Core 2.1.14-servicing-32113 initialized 'CityInfoContext' using provider 'Microsoft.EntityFrameworkCore.SqlServer' with options: None
2020-02-04 20:19:42.8800|INFO|Microsoft.EntityFrameworkCore.Infrastructure|Entity Framework Core 2.1.14-servicing-32113 initialized 'CityInfoContext' using provider 'Microsoft.EntityFrameworkCore.SqlServer' with options: None
2020-02-04 20:36:10.6545|INFO|Microsoft.EntityFrameworkCore.Infrastructure|Entity Framework Core 2.1.14-servicing-32113 initialized 'CityInfoContext' using provider 'Microsoft.EntityFrameworkCore.SqlServer' with options: None
2020-02-04 20:37:12.1525|INFO|Microsoft.EntityFrameworkCore.Infrastructure|Entity Framework Core 2.1.14-servicing-32113 initialized 'CityInfoContext' using provider 'Microsoft.EntityFrameworkCore.SqlServer' with options: None
2020-02-04 20:37:12.8571|INFO|Microsoft.EntityFrameworkCore.Database.Command|Executed DbCommand (58ms) [Parameters=[], CommandType='Text', CommandTimeout='30']
SELECT OBJECT_ID(N'[__EFMigrationsHistory]');
2020-02-04 20:37:13.3146|INFO|Microsoft.EntityFrameworkCore.Database.Command|Executed DbCommand (394ms) [Parameters=[], CommandType='Text', CommandTimeout='30']
CREATE TABLE [__EFMigrationsHistory] (
    [MigrationId] nvarchar(150) NOT NULL,
    [ProductVersion] nvarchar(32) NOT NULL,
    CONSTRAINT [PK___EFMigrationsHistory] PRIMARY KEY ([MigrationId])
);
2020-02-04 20:37:13.3146|INFO|Microsoft.EntityFrameworkCore.Database.Command|Executed DbCommand (2ms) [Parameters=[], CommandType='Text', CommandTimeout='30']
SELECT OBJECT_ID(N'[__EFMigrationsHistory]');
2020-02-04 20:37:13.3574|INFO|Microsoft.EntityFrameworkCore.Database.Command|Executed DbCommand (38ms) [Parameters=[], CommandType='Text', CommandTimeout='30']
SELECT [MigrationId], [ProductVersion]
FROM [__EFMigrationsHistory]
ORDER BY [MigrationId];
2020-02-04 20:37:13.3621|INFO|Microsoft.EntityFrameworkCore.Migrations|Applying migration '20200204191405_CityInfoDBInitialMigration'.
2020-02-04 20:37:13.3987|INFO|Microsoft.EntityFrameworkCore.Database.Command|Executed DbCommand (14ms) [Parameters=[], CommandType='Text', CommandTimeout='30']
CREATE TABLE [Cities] (
    [Id] int NOT NULL IDENTITY,
    [Name] nvarchar(50) NOT NULL,
    [Description] nvarchar(200) NULL,
    CONSTRAINT [PK_Cities] PRIMARY KEY ([Id])
);
2020-02-04 20:37:13.5137|INFO|Microsoft.EntityFrameworkCore.Database.Command|Executed DbCommand (112ms) [Parameters=[], CommandType='Text', CommandTimeout='30']
CREATE TABLE [PointsOfInterest] (
    [Id] int NOT NULL IDENTITY,
    [Name] nvarchar(50) NOT NULL,
    [Description] nvarchar(200) NULL,
    [CityId] int NOT NULL,
    CONSTRAINT [PK_PointsOfInterest] PRIMARY KEY ([Id]),
    CONSTRAINT [FK_PointsOfInterest_Cities_CityId] FOREIGN KEY ([CityId]) REFERENCES [Cities] ([Id]) ON DELETE CASCADE
);
2020-02-04 20:37:13.5440|INFO|Microsoft.EntityFrameworkCore.Database.Command|Executed DbCommand (29ms) [Parameters=[], CommandType='Text', CommandTimeout='30']
CREATE INDEX [IX_PointsOfInterest_CityId] ON [PointsOfInterest] ([CityId]);
2020-02-04 20:37:13.6108|INFO|Microsoft.EntityFrameworkCore.Database.Command|Executed DbCommand (66ms) [Parameters=[], CommandType='Text', CommandTimeout='30']
INSERT INTO [__EFMigrationsHistory] ([MigrationId], [ProductVersion])
VALUES (N'20200204191405_CityInfoDBInitialMigration', N'2.1.14-servicing-32113');
2020-02-04 21:01:01.9654|INFO|CityInfo.API.Program|Initializing application...
2020-02-04 21:01:05.9251|INFO|Microsoft.EntityFrameworkCore.Infrastructure|Entity Framework Core 2.1.14-servicing-32113 initialized 'CityInfoContext' using provider 'Microsoft.EntityFrameworkCore.SqlServer' with options: None
2020-02-04 21:01:06.6610|INFO|Microsoft.EntityFrameworkCore.Database.Command|Executed DbCommand (129ms) [Parameters=[], CommandType='Text', CommandTimeout='60']
IF SERVERPROPERTY('EngineEdition') <> 5
BEGIN
    ALTER DATABASE [CityInfoDB] SET SINGLE_USER WITH ROLLBACK IMMEDIATE;
END;
2020-02-04 21:01:07.3750|INFO|Microsoft.EntityFrameworkCore.Database.Command|Executed DbCommand (707ms) [Parameters=[], CommandType='Text', CommandTimeout='60']
DROP DATABASE [CityInfoDB];
2020-02-04 21:01:18.6318|INFO|Microsoft.EntityFrameworkCore.Database.Command|Executed DbCommand (1,193ms) [Parameters=[], CommandType='Text', CommandTimeout='60']
CREATE DATABASE [CityInfoDB];
2020-02-04 21:01:18.8680|INFO|Microsoft.EntityFrameworkCore.Database.Command|Executed DbCommand (231ms) [Parameters=[], CommandType='Text', CommandTimeout='60']
IF SERVERPROPERTY('EngineEdition') <> 5
BEGIN
    ALTER DATABASE [CityInfoDB] SET READ_COMMITTED_SNAPSHOT ON;
END;
2020-02-04 21:01:19.0370|INFO|Microsoft.EntityFrameworkCore.Database.Command|Executed DbCommand (74ms) [Parameters=[], CommandType='Text', CommandTimeout='30']
CREATE TABLE [__EFMigrationsHistory] (
    [MigrationId] nvarchar(150) NOT NULL,
    [ProductVersion] nvarchar(32) NOT NULL,
    CONSTRAINT [PK___EFMigrationsHistory] PRIMARY KEY ([MigrationId])
);
2020-02-04 21:01:19.0569|INFO|Microsoft.EntityFrameworkCore.Database.Command|Executed DbCommand (16ms) [Parameters=[], CommandType='Text', CommandTimeout='30']
SELECT OBJECT_ID(N'[__EFMigrationsHistory]');
2020-02-04 21:01:19.0835|INFO|Microsoft.EntityFrameworkCore.Database.Command|Executed DbCommand (14ms) [Parameters=[], CommandType='Text', CommandTimeout='30']
SELECT [MigrationId], [ProductVersion]
FROM [__EFMigrationsHistory]
ORDER BY [MigrationId];
2020-02-04 21:01:19.1053|INFO|Microsoft.EntityFrameworkCore.Migrations|Applying migration '20200204191405_CityInfoDBInitialMigration'.
2020-02-04 21:01:19.1619|INFO|Microsoft.EntityFrameworkCore.Database.Command|Executed DbCommand (6ms) [Parameters=[], CommandType='Text', CommandTimeout='30']
CREATE TABLE [Cities] (
    [Id] int NOT NULL IDENTITY,
    [Name] nvarchar(50) NOT NULL,
    [Description] nvarchar(200) NULL,
    CONSTRAINT [PK_Cities] PRIMARY KEY ([Id])
);
2020-02-04 21:01:19.2461|INFO|Microsoft.EntityFrameworkCore.Database.Command|Executed DbCommand (78ms) [Parameters=[], CommandType='Text', CommandTimeout='30']
CREATE TABLE [PointsOfInterest] (
    [Id] int NOT NULL IDENTITY,
    [Name] nvarchar(50) NOT NULL,
    [Description] nvarchar(200) NULL,
    [CityId] int NOT NULL,
    CONSTRAINT [PK_PointsOfInterest] PRIMARY KEY ([Id]),
    CONSTRAINT [FK_PointsOfInterest_Cities_CityId] FOREIGN KEY ([CityId]) REFERENCES [Cities] ([Id]) ON DELETE CASCADE
);
2020-02-04 21:01:19.2639|INFO|Microsoft.EntityFrameworkCore.Database.Command|Executed DbCommand (13ms) [Parameters=[], CommandType='Text', CommandTimeout='30']
CREATE INDEX [IX_PointsOfInterest_CityId] ON [PointsOfInterest] ([CityId]);
2020-02-04 21:01:19.3501|INFO|Microsoft.EntityFrameworkCore.Database.Command|Executed DbCommand (82ms) [Parameters=[], CommandType='Text', CommandTimeout='30']
INSERT INTO [__EFMigrationsHistory] ([MigrationId], [ProductVersion])
VALUES (N'20200204191405_CityInfoDBInitialMigration', N'2.1.14-servicing-32113');
2020-02-04 21:01:20.2408|INFO|Microsoft.AspNetCore.DataProtection.KeyManagement.XmlKeyManager|User profile is available. Using 'C:\Users\topu_\AppData\Local\ASP.NET\DataProtection-Keys' as key repository and Windows DPAPI to encrypt keys at rest.
2020-02-04 21:01:21.3237|INFO|Microsoft.AspNetCore.Hosting.Internal.WebHost|Request starting HTTP/1.1 GET http://localhost:1028/  
2020-02-04 21:01:21.3237|INFO|Microsoft.AspNetCore.Hosting.Internal.WebHost|Request starting HTTP/1.1 DEBUG http://localhost:1028/  0
2020-02-04 21:01:21.4683|INFO|Microsoft.AspNetCore.Hosting.Internal.WebHost|Request finished in 139.1081ms 200 
2020-02-04 21:01:22.4940|INFO|Microsoft.AspNetCore.Hosting.Internal.WebHost|Request finished in 1154.5948ms 404 text/plain
2020-02-04 21:05:09.7030|INFO|Microsoft.EntityFrameworkCore.Infrastructure|Entity Framework Core 2.1.14-servicing-32113 initialized 'CityInfoContext' using provider 'Microsoft.EntityFrameworkCore.SqlServer' with options: None
2020-02-04 21:05:18.7099|INFO|Microsoft.EntityFrameworkCore.Infrastructure|Entity Framework Core 2.1.14-servicing-32113 initialized 'CityInfoContext' using provider 'Microsoft.EntityFrameworkCore.SqlServer' with options: None
2020-02-04 21:05:19.1060|INFO|Microsoft.EntityFrameworkCore.Database.Command|Executed DbCommand (31ms) [Parameters=[], CommandType='Text', CommandTimeout='30']
SELECT OBJECT_ID(N'[__EFMigrationsHistory]');
2020-02-04 21:05:19.1142|INFO|Microsoft.EntityFrameworkCore.Database.Command|Executed DbCommand (4ms) [Parameters=[], CommandType='Text', CommandTimeout='30']
SELECT OBJECT_ID(N'[__EFMigrationsHistory]');
2020-02-04 21:05:19.1285|INFO|Microsoft.EntityFrameworkCore.Database.Command|Executed DbCommand (10ms) [Parameters=[], CommandType='Text', CommandTimeout='30']
SELECT [MigrationId], [ProductVersion]
FROM [__EFMigrationsHistory]
ORDER BY [MigrationId];
2020-02-04 21:05:19.1285|INFO|Microsoft.EntityFrameworkCore.Migrations|Applying migration '20200204200509_CityInfoDescription'.
2020-02-04 21:05:19.1581|INFO|Microsoft.EntityFrameworkCore.Database.Command|Executed DbCommand (16ms) [Parameters=[], CommandType='Text', CommandTimeout='30']
INSERT INTO [__EFMigrationsHistory] ([MigrationId], [ProductVersion])
VALUES (N'20200204200509_CityInfoDescription', N'2.1.14-servicing-32113');
2020-02-04 21:05:52.0299|INFO|CityInfo.API.Program|Initializing application...
2020-02-04 21:05:56.2587|INFO|Microsoft.EntityFrameworkCore.Infrastructure|Entity Framework Core 2.1.14-servicing-32113 initialized 'CityInfoContext' using provider 'Microsoft.EntityFrameworkCore.SqlServer' with options: None
2020-02-04 21:05:56.9053|INFO|Microsoft.EntityFrameworkCore.Database.Command|Executed DbCommand (168ms) [Parameters=[], CommandType='Text', CommandTimeout='60']
IF SERVERPROPERTY('EngineEdition') <> 5
BEGIN
    ALTER DATABASE [CityInfoDB] SET SINGLE_USER WITH ROLLBACK IMMEDIATE;
END;
2020-02-04 21:05:57.2518|INFO|Microsoft.EntityFrameworkCore.Database.Command|Executed DbCommand (331ms) [Parameters=[], CommandType='Text', CommandTimeout='60']
DROP DATABASE [CityInfoDB];
2020-02-04 21:06:07.8769|INFO|Microsoft.EntityFrameworkCore.Database.Command|Executed DbCommand (537ms) [Parameters=[], CommandType='Text', CommandTimeout='60']
CREATE DATABASE [CityInfoDB];
2020-02-04 21:06:08.0875|INFO|Microsoft.EntityFrameworkCore.Database.Command|Executed DbCommand (204ms) [Parameters=[], CommandType='Text', CommandTimeout='60']
IF SERVERPROPERTY('EngineEdition') <> 5
BEGIN
    ALTER DATABASE [CityInfoDB] SET READ_COMMITTED_SNAPSHOT ON;
END;
2020-02-04 21:06:08.2686|INFO|Microsoft.EntityFrameworkCore.Database.Command|Executed DbCommand (95ms) [Parameters=[], CommandType='Text', CommandTimeout='30']
CREATE TABLE [__EFMigrationsHistory] (
    [MigrationId] nvarchar(150) NOT NULL,
    [ProductVersion] nvarchar(32) NOT NULL,
    CONSTRAINT [PK___EFMigrationsHistory] PRIMARY KEY ([MigrationId])
);
2020-02-04 21:06:08.2940|INFO|Microsoft.EntityFrameworkCore.Database.Command|Executed DbCommand (13ms) [Parameters=[], CommandType='Text', CommandTimeout='30']
SELECT OBJECT_ID(N'[__EFMigrationsHistory]');
2020-02-04 21:06:08.3056|INFO|Microsoft.EntityFrameworkCore.Database.Command|Executed DbCommand (7ms) [Parameters=[], CommandType='Text', CommandTimeout='30']
SELECT [MigrationId], [ProductVersion]
FROM [__EFMigrationsHistory]
ORDER BY [MigrationId];
2020-02-04 21:06:08.3194|INFO|Microsoft.EntityFrameworkCore.Migrations|Applying migration '20200204191405_CityInfoDBInitialMigration'.
2020-02-04 21:06:08.3501|INFO|Microsoft.EntityFrameworkCore.Database.Command|Executed DbCommand (5ms) [Parameters=[], CommandType='Text', CommandTimeout='30']
CREATE TABLE [Cities] (
    [Id] int NOT NULL IDENTITY,
    [Name] nvarchar(50) NOT NULL,
    [Description] nvarchar(200) NULL,
    CONSTRAINT [PK_Cities] PRIMARY KEY ([Id])
);
2020-02-04 21:06:08.4173|INFO|Microsoft.EntityFrameworkCore.Database.Command|Executed DbCommand (64ms) [Parameters=[], CommandType='Text', CommandTimeout='30']
CREATE TABLE [PointsOfInterest] (
    [Id] int NOT NULL IDENTITY,
    [Name] nvarchar(50) NOT NULL,
    [Description] nvarchar(200) NULL,
    [CityId] int NOT NULL,
    CONSTRAINT [PK_PointsOfInterest] PRIMARY KEY ([Id]),
    CONSTRAINT [FK_PointsOfInterest_Cities_CityId] FOREIGN KEY ([CityId]) REFERENCES [Cities] ([Id]) ON DELETE CASCADE
);
2020-02-04 21:06:08.4253|INFO|Microsoft.EntityFrameworkCore.Database.Command|Executed DbCommand (4ms) [Parameters=[], CommandType='Text', CommandTimeout='30']
CREATE INDEX [IX_PointsOfInterest_CityId] ON [PointsOfInterest] ([CityId]);
2020-02-04 21:06:08.4725|INFO|Microsoft.EntityFrameworkCore.Database.Command|Executed DbCommand (41ms) [Parameters=[], CommandType='Text', CommandTimeout='30']
INSERT INTO [__EFMigrationsHistory] ([MigrationId], [ProductVersion])
VALUES (N'20200204191405_CityInfoDBInitialMigration', N'2.1.14-servicing-32113');
2020-02-04 21:06:08.4871|INFO|Microsoft.EntityFrameworkCore.Migrations|Applying migration '20200204200509_CityInfoDescription'.
2020-02-04 21:06:08.5050|INFO|Microsoft.EntityFrameworkCore.Database.Command|Executed DbCommand (0ms) [Parameters=[], CommandType='Text', CommandTimeout='30']
INSERT INTO [__EFMigrationsHistory] ([MigrationId], [ProductVersion])
VALUES (N'20200204200509_CityInfoDescription', N'2.1.14-servicing-32113');
2020-02-04 21:06:08.9073|INFO|Microsoft.AspNetCore.DataProtection.KeyManagement.XmlKeyManager|User profile is available. Using 'C:\Users\topu_\AppData\Local\ASP.NET\DataProtection-Keys' as key repository and Windows DPAPI to encrypt keys at rest.
2020-02-04 21:06:09.9310|INFO|Microsoft.AspNetCore.Hosting.Internal.WebHost|Request starting HTTP/1.1 GET http://localhost:1028/  
2020-02-04 21:06:09.9310|INFO|Microsoft.AspNetCore.Hosting.Internal.WebHost|Request starting HTTP/1.1 DEBUG http://localhost:1028/  0
2020-02-04 21:06:10.1427|INFO|Microsoft.AspNetCore.Hosting.Internal.WebHost|Request finished in 146.223ms 200 
2020-02-04 21:06:10.4377|INFO|Microsoft.AspNetCore.Hosting.Internal.WebHost|Request finished in 514.9364ms 404 text/plain
2020-02-04 21:25:38.9215|INFO|CityInfo.API.Program|Initializing application...
2020-02-04 21:26:38.5133|INFO|Microsoft.EntityFrameworkCore.Infrastructure|Entity Framework Core 2.1.14-servicing-32113 initialized 'CityInfoContext' using provider 'Microsoft.EntityFrameworkCore.SqlServer' with options: None
2020-02-04 21:26:38.7028|ERROR|CityInfo.API.Program|An error occurred while migrating the database.
2020-02-04 21:26:39.2260|INFO|Microsoft.AspNetCore.DataProtection.KeyManagement.XmlKeyManager|User profile is available. Using 'C:\Users\topu_\AppData\Local\ASP.NET\DataProtection-Keys' as key repository and Windows DPAPI to encrypt keys at rest.
2020-02-04 21:26:40.7216|INFO|Microsoft.AspNetCore.Hosting.Internal.WebHost|Request starting HTTP/1.1 GET http://localhost:1028/  
2020-02-04 21:26:40.7216|INFO|Microsoft.AspNetCore.Hosting.Internal.WebHost|Request starting HTTP/1.1 DEBUG http://localhost:1028/  0
2020-02-04 21:26:40.8066|INFO|Microsoft.AspNetCore.Hosting.Internal.WebHost|Request finished in 82.3843ms 200 
2020-02-04 21:26:41.2183|INFO|Microsoft.AspNetCore.Hosting.Internal.WebHost|Request finished in 499.5993ms 404 text/plain
2020-02-04 21:36:14.0313|INFO|CityInfo.API.Program|Initializing application...
2020-02-04 21:37:08.3890|INFO|Microsoft.EntityFrameworkCore.Infrastructure|Entity Framework Core 2.1.14-servicing-32113 initialized 'CityInfoContext' using provider 'Microsoft.EntityFrameworkCore.SqlServer' with options: None
2020-02-04 21:37:08.4907|ERROR|CityInfo.API.Program|An error occurred while migrating the database.
2020-02-04 21:37:08.6302|INFO|Microsoft.AspNetCore.DataProtection.KeyManagement.XmlKeyManager|User profile is available. Using 'C:\Users\topu_\AppData\Local\ASP.NET\DataProtection-Keys' as key repository and Windows DPAPI to encrypt keys at rest.
2020-02-04 21:37:09.6642|FATAL|Microsoft.AspNetCore.Hosting.Internal.WebHost|Application startup exception
2020-02-04 21:37:10.0080|INFO|Microsoft.AspNetCore.Hosting.Internal.WebHost|Request starting HTTP/1.1 DEBUG http://localhost:1028/  0
2020-02-04 21:37:10.0080|INFO|Microsoft.AspNetCore.Hosting.Internal.WebHost|Request starting HTTP/1.1 GET http://localhost:1028/  
2020-02-04 21:37:10.1102|ERROR|Microsoft.AspNetCore.Server.Kestrel|Connection id "0HLT9M80VM9D8", Request id "0HLT9M80VM9D8:00000001": An unhandled exception was thrown by the application.
2020-02-04 21:37:10.1102|ERROR|Microsoft.AspNetCore.Server.Kestrel|Connection id "0HLT9M80VM9D9", Request id "0HLT9M80VM9D9:00000001": An unhandled exception was thrown by the application.
2020-02-04 21:37:10.1365|INFO|Microsoft.AspNetCore.Hosting.Internal.WebHost|Request finished in 136.7921ms 500 
2020-02-04 21:37:10.1365|INFO|Microsoft.AspNetCore.Hosting.Internal.WebHost|Request finished in 136.7921ms 500 
2020-02-04 21:46:10.4819|INFO|Microsoft.EntityFrameworkCore.Infrastructure|Entity Framework Core 2.1.14-servicing-32113 initialized 'CityInfoContext' using provider 'Microsoft.EntityFrameworkCore.SqlServer' with options: None
2020-02-04 21:46:49.4761|INFO|Microsoft.EntityFrameworkCore.Infrastructure|Entity Framework Core 2.1.14-servicing-32113 initialized 'CityInfoContext' using provider 'Microsoft.EntityFrameworkCore.SqlServer' with options: None
2020-02-04 21:51:46.7360|INFO|Microsoft.EntityFrameworkCore.Infrastructure|Entity Framework Core 2.1.14-servicing-32113 initialized 'CityInfoContext' using provider 'Microsoft.EntityFrameworkCore.SqlServer' with options: None
2020-02-04 21:51:47.0424|INFO|Microsoft.EntityFrameworkCore.Database.Command|Executed DbCommand (35ms) [Parameters=[], CommandType='Text', CommandTimeout='30']
SELECT OBJECT_ID(N'[__EFMigrationsHistory]');
2020-02-04 21:51:47.0495|INFO|Microsoft.EntityFrameworkCore.Database.Command|Executed DbCommand (3ms) [Parameters=[], CommandType='Text', CommandTimeout='30']
SELECT OBJECT_ID(N'[__EFMigrationsHistory]');
2020-02-04 21:51:47.0814|INFO|Microsoft.EntityFrameworkCore.Database.Command|Executed DbCommand (28ms) [Parameters=[], CommandType='Text', CommandTimeout='30']
SELECT [MigrationId], [ProductVersion]
FROM [__EFMigrationsHistory]
ORDER BY [MigrationId];
2020-02-04 21:51:47.0814|INFO|Microsoft.EntityFrameworkCore.Migrations|Applying migration '20200204204610_SampleData'.
2020-02-04 21:51:47.3788|INFO|Microsoft.EntityFrameworkCore.Database.Command|Executed DbCommand (277ms) [Parameters=[], CommandType='Text', CommandTimeout='30']
IF EXISTS (SELECT * FROM [sys].[identity_columns] WHERE [name] IN (N'Id', N'Description', N'Name') AND [object_id] = OBJECT_ID(N'[Cities]'))
    SET IDENTITY_INSERT [Cities] ON;
INSERT INTO [Cities] ([Id], [Description], [Name])
VALUES (1, N'The one with that big park.', N'New York City');
IF EXISTS (SELECT * FROM [sys].[identity_columns] WHERE [name] IN (N'Id', N'Description', N'Name') AND [object_id] = OBJECT_ID(N'[Cities]'))
    SET IDENTITY_INSERT [Cities] OFF;
2020-02-04 21:51:47.3951|INFO|Microsoft.EntityFrameworkCore.Database.Command|Executed DbCommand (14ms) [Parameters=[], CommandType='Text', CommandTimeout='30']
IF EXISTS (SELECT * FROM [sys].[identity_columns] WHERE [name] IN (N'Id', N'Description', N'Name') AND [object_id] = OBJECT_ID(N'[Cities]'))
    SET IDENTITY_INSERT [Cities] ON;
INSERT INTO [Cities] ([Id], [Description], [Name])
VALUES (2, N'The one with the cathedral that was never really finished.', N'Antwerp');
IF EXISTS (SELECT * FROM [sys].[identity_columns] WHERE [name] IN (N'Id', N'Description', N'Name') AND [object_id] = OBJECT_ID(N'[Cities]'))
    SET IDENTITY_INSERT [Cities] OFF;
2020-02-04 21:51:47.4308|INFO|Microsoft.EntityFrameworkCore.Database.Command|Executed DbCommand (31ms) [Parameters=[], CommandType='Text', CommandTimeout='30']
IF EXISTS (SELECT * FROM [sys].[identity_columns] WHERE [name] IN (N'Id', N'Description', N'Name') AND [object_id] = OBJECT_ID(N'[Cities]'))
    SET IDENTITY_INSERT [Cities] ON;
INSERT INTO [Cities] ([Id], [Description], [Name])
VALUES (3, N'The one with that big tower.', N'Paris');
IF EXISTS (SELECT * FROM [sys].[identity_columns] WHERE [name] IN (N'Id', N'Description', N'Name') AND [object_id] = OBJECT_ID(N'[Cities]'))
    SET IDENTITY_INSERT [Cities] OFF;
2020-02-04 21:51:47.7164|INFO|Microsoft.EntityFrameworkCore.Database.Command|Executed DbCommand (285ms) [Parameters=[], CommandType='Text', CommandTimeout='30']
IF EXISTS (SELECT * FROM [sys].[identity_columns] WHERE [name] IN (N'Id', N'CityId', N'Description', N'Name') AND [object_id] = OBJECT_ID(N'[PointsOfInterest]'))
    SET IDENTITY_INSERT [PointsOfInterest] ON;
INSERT INTO [PointsOfInterest] ([Id], [CityId], [Description], [Name])
VALUES (1, 1, N'The most visited urban park in the United States.', N'Central Park'),
(2, 1, N'A 102-story skyscraper located in Midtown Manhattan.', N'Empire State Building'),
(3, 2, N'A Gothic style cathedral, conceived by architects Jan and Pieter Appelmans.', N'Cathedral'),
(4, 2, N'The the finest example of railway architecture in Belgium.', N'Antwerp Central Station'),
(5, 3, N'A wrought iron lattice tower on the Champ de Mars, named after engineer Gustave Eiffel.', N'Eiffel Tower'),
(6, 3, N'The world''s largest museum.', N'The Louvre');
IF EXISTS (SELECT * FROM [sys].[identity_columns] WHERE [name] IN (N'Id', N'CityId', N'Description', N'Name') AND [object_id] = OBJECT_ID(N'[PointsOfInterest]'))
    SET IDENTITY_INSERT [PointsOfInterest] OFF;
2020-02-04 21:51:47.7204|INFO|Microsoft.EntityFrameworkCore.Database.Command|Executed DbCommand (3ms) [Parameters=[], CommandType='Text', CommandTimeout='30']
INSERT INTO [__EFMigrationsHistory] ([MigrationId], [ProductVersion])
VALUES (N'20200204204610_SampleData', N'2.1.14-servicing-32113');
2020-02-04 23:01:14.3548|INFO|CityInfo.API.Program|Initializing application...
2020-02-04 23:01:16.9911|INFO|Microsoft.EntityFrameworkCore.Infrastructure|Entity Framework Core 2.1.14-servicing-32113 initialized 'CityInfoContext' using provider 'Microsoft.EntityFrameworkCore.SqlServer' with options: None
2020-02-04 23:01:21.2075|INFO|Microsoft.EntityFrameworkCore.Database.Command|Executed DbCommand (3,205ms) [Parameters=[], CommandType='Text', CommandTimeout='60']
IF SERVERPROPERTY('EngineEdition') <> 5
BEGIN
    ALTER DATABASE [CityInfoDB] SET SINGLE_USER WITH ROLLBACK IMMEDIATE;
END;
2020-02-04 23:01:21.6147|INFO|Microsoft.EntityFrameworkCore.Database.Command|Executed DbCommand (402ms) [Parameters=[], CommandType='Text', CommandTimeout='60']
DROP DATABASE [CityInfoDB];
2020-02-04 23:01:32.2567|INFO|Microsoft.EntityFrameworkCore.Database.Command|Executed DbCommand (578ms) [Parameters=[], CommandType='Text', CommandTimeout='60']
CREATE DATABASE [CityInfoDB];
2020-02-04 23:01:32.4402|INFO|Microsoft.EntityFrameworkCore.Database.Command|Executed DbCommand (177ms) [Parameters=[], CommandType='Text', CommandTimeout='60']
IF SERVERPROPERTY('EngineEdition') <> 5
BEGIN
    ALTER DATABASE [CityInfoDB] SET READ_COMMITTED_SNAPSHOT ON;
END;
2020-02-04 23:01:32.5772|INFO|Microsoft.EntityFrameworkCore.Database.Command|Executed DbCommand (42ms) [Parameters=[], CommandType='Text', CommandTimeout='30']
CREATE TABLE [__EFMigrationsHistory] (
    [MigrationId] nvarchar(150) NOT NULL,
    [ProductVersion] nvarchar(32) NOT NULL,
    CONSTRAINT [PK___EFMigrationsHistory] PRIMARY KEY ([MigrationId])
);
2020-02-04 23:01:32.5969|INFO|Microsoft.EntityFrameworkCore.Database.Command|Executed DbCommand (16ms) [Parameters=[], CommandType='Text', CommandTimeout='30']
SELECT OBJECT_ID(N'[__EFMigrationsHistory]');
2020-02-04 23:01:32.6147|INFO|Microsoft.EntityFrameworkCore.Database.Command|Executed DbCommand (14ms) [Parameters=[], CommandType='Text', CommandTimeout='30']
SELECT [MigrationId], [ProductVersion]
FROM [__EFMigrationsHistory]
ORDER BY [MigrationId];
2020-02-04 23:01:32.6264|INFO|Microsoft.EntityFrameworkCore.Migrations|Applying migration '20200204191405_CityInfoDBInitialMigration'.
2020-02-04 23:01:32.6556|INFO|Microsoft.EntityFrameworkCore.Database.Command|Executed DbCommand (4ms) [Parameters=[], CommandType='Text', CommandTimeout='30']
CREATE TABLE [Cities] (
    [Id] int NOT NULL IDENTITY,
    [Name] nvarchar(50) NOT NULL,
    [Description] nvarchar(200) NULL,
    CONSTRAINT [PK_Cities] PRIMARY KEY ([Id])
);
2020-02-04 23:01:32.7191|INFO|Microsoft.EntityFrameworkCore.Database.Command|Executed DbCommand (60ms) [Parameters=[], CommandType='Text', CommandTimeout='30']
CREATE TABLE [PointsOfInterest] (
    [Id] int NOT NULL IDENTITY,
    [Name] nvarchar(50) NOT NULL,
    [Description] nvarchar(200) NULL,
    [CityId] int NOT NULL,
    CONSTRAINT [PK_PointsOfInterest] PRIMARY KEY ([Id]),
    CONSTRAINT [FK_PointsOfInterest_Cities_CityId] FOREIGN KEY ([CityId]) REFERENCES [Cities] ([Id]) ON DELETE CASCADE
);
2020-02-04 23:01:32.7191|INFO|Microsoft.EntityFrameworkCore.Database.Command|Executed DbCommand (8ms) [Parameters=[], CommandType='Text', CommandTimeout='30']
CREATE INDEX [IX_PointsOfInterest_CityId] ON [PointsOfInterest] ([CityId]);
2020-02-04 23:01:32.9079|INFO|Microsoft.EntityFrameworkCore.Database.Command|Executed DbCommand (141ms) [Parameters=[], CommandType='Text', CommandTimeout='30']
INSERT INTO [__EFMigrationsHistory] ([MigrationId], [ProductVersion])
VALUES (N'20200204191405_CityInfoDBInitialMigration', N'2.1.14-servicing-32113');
2020-02-04 23:01:33.0224|INFO|Microsoft.EntityFrameworkCore.Migrations|Applying migration '20200204200509_CityInfoDescription'.
2020-02-04 23:01:33.0965|INFO|Microsoft.EntityFrameworkCore.Database.Command|Executed DbCommand (58ms) [Parameters=[], CommandType='Text', CommandTimeout='30']
INSERT INTO [__EFMigrationsHistory] ([MigrationId], [ProductVersion])
VALUES (N'20200204200509_CityInfoDescription', N'2.1.14-servicing-32113');
2020-02-04 23:01:33.0965|INFO|Microsoft.EntityFrameworkCore.Migrations|Applying migration '20200204204610_SampleData'.
2020-02-04 23:01:33.5347|INFO|Microsoft.EntityFrameworkCore.Database.Command|Executed DbCommand (415ms) [Parameters=[], CommandType='Text', CommandTimeout='30']
IF EXISTS (SELECT * FROM [sys].[identity_columns] WHERE [name] IN (N'Id', N'Description', N'Name') AND [object_id] = OBJECT_ID(N'[Cities]'))
    SET IDENTITY_INSERT [Cities] ON;
INSERT INTO [Cities] ([Id], [Description], [Name])
VALUES (1, N'The one with that big park.', N'New York City');
IF EXISTS (SELECT * FROM [sys].[identity_columns] WHERE [name] IN (N'Id', N'Description', N'Name') AND [object_id] = OBJECT_ID(N'[Cities]'))
    SET IDENTITY_INSERT [Cities] OFF;
2020-02-04 23:01:33.5560|INFO|Microsoft.EntityFrameworkCore.Database.Command|Executed DbCommand (17ms) [Parameters=[], CommandType='Text', CommandTimeout='30']
IF EXISTS (SELECT * FROM [sys].[identity_columns] WHERE [name] IN (N'Id', N'Description', N'Name') AND [object_id] = OBJECT_ID(N'[Cities]'))
    SET IDENTITY_INSERT [Cities] ON;
INSERT INTO [Cities] ([Id], [Description], [Name])
VALUES (2, N'The one with the cathedral that was never really finished.', N'Antwerp');
IF EXISTS (SELECT * FROM [sys].[identity_columns] WHERE [name] IN (N'Id', N'Description', N'Name') AND [object_id] = OBJECT_ID(N'[Cities]'))
    SET IDENTITY_INSERT [Cities] OFF;
2020-02-04 23:01:33.5757|INFO|Microsoft.EntityFrameworkCore.Database.Command|Executed DbCommand (17ms) [Parameters=[], CommandType='Text', CommandTimeout='30']
IF EXISTS (SELECT * FROM [sys].[identity_columns] WHERE [name] IN (N'Id', N'Description', N'Name') AND [object_id] = OBJECT_ID(N'[Cities]'))
    SET IDENTITY_INSERT [Cities] ON;
INSERT INTO [Cities] ([Id], [Description], [Name])
VALUES (3, N'The one with that big tower.', N'Paris');
IF EXISTS (SELECT * FROM [sys].[identity_columns] WHERE [name] IN (N'Id', N'Description', N'Name') AND [object_id] = OBJECT_ID(N'[Cities]'))
    SET IDENTITY_INSERT [Cities] OFF;
2020-02-04 23:01:33.6113|INFO|Microsoft.EntityFrameworkCore.Database.Command|Executed DbCommand (30ms) [Parameters=[], CommandType='Text', CommandTimeout='30']
IF EXISTS (SELECT * FROM [sys].[identity_columns] WHERE [name] IN (N'Id', N'CityId', N'Description', N'Name') AND [object_id] = OBJECT_ID(N'[PointsOfInterest]'))
    SET IDENTITY_INSERT [PointsOfInterest] ON;
INSERT INTO [PointsOfInterest] ([Id], [CityId], [Description], [Name])
VALUES (1, 1, N'The most visited urban park in the United States.', N'Central Park'),
(2, 1, N'A 102-story skyscraper located in Midtown Manhattan.', N'Empire State Building'),
(3, 2, N'A Gothic style cathedral, conceived by architects Jan and Pieter Appelmans.', N'Cathedral'),
(4, 2, N'The the finest example of railway architecture in Belgium.', N'Antwerp Central Station'),
(5, 3, N'A wrought iron lattice tower on the Champ de Mars, named after engineer Gustave Eiffel.', N'Eiffel Tower'),
(6, 3, N'The world''s largest museum.', N'The Louvre');
IF EXISTS (SELECT * FROM [sys].[identity_columns] WHERE [name] IN (N'Id', N'CityId', N'Description', N'Name') AND [object_id] = OBJECT_ID(N'[PointsOfInterest]'))
    SET IDENTITY_INSERT [PointsOfInterest] OFF;
2020-02-04 23:01:33.6113|INFO|Microsoft.EntityFrameworkCore.Database.Command|Executed DbCommand (4ms) [Parameters=[], CommandType='Text', CommandTimeout='30']
INSERT INTO [__EFMigrationsHistory] ([MigrationId], [ProductVersion])
VALUES (N'20200204204610_SampleData', N'2.1.14-servicing-32113');
2020-02-04 23:01:33.8454|INFO|Microsoft.AspNetCore.DataProtection.KeyManagement.XmlKeyManager|User profile is available. Using 'C:\Users\topu_\AppData\Local\ASP.NET\DataProtection-Keys' as key repository and Windows DPAPI to encrypt keys at rest.
2020-02-04 23:01:34.7000|INFO|Microsoft.AspNetCore.Hosting.Internal.WebHost|Request starting HTTP/1.1 GET http://localhost:1028/  
2020-02-04 23:01:34.7000|INFO|Microsoft.AspNetCore.Hosting.Internal.WebHost|Request starting HTTP/1.1 DEBUG http://localhost:1028/  0
2020-02-04 23:01:34.7941|INFO|Microsoft.AspNetCore.Hosting.Internal.WebHost|Request finished in 114.2064ms 200 
2020-02-04 23:01:35.0644|INFO|Microsoft.AspNetCore.Hosting.Internal.WebHost|Request finished in 381.8085ms 404 text/plain
2020-02-04 23:01:57.7743|INFO|Microsoft.AspNetCore.Hosting.Internal.WebHost|Request starting HTTP/1.1 GET http://localhost:1028/api/cities  
2020-02-04 23:01:58.6621|INFO|Microsoft.AspNetCore.Mvc.Internal.ControllerActionInvoker|Route matched with {action = "GetCities", controller = "Cities"}. Executing controller action with signature Microsoft.AspNetCore.Mvc.IActionResult GetCities() on controller CityInfo.API.Controllers.CitiesController (CityInfo.API).
2020-02-04 23:01:58.7042|INFO|Microsoft.AspNetCore.Mvc.Internal.ControllerActionInvoker|Executing action method CityInfo.API.Controllers.CitiesController.GetCities (CityInfo.API) - Validation state: Valid
2020-02-04 23:01:58.7873|INFO|Microsoft.EntityFrameworkCore.Infrastructure|Entity Framework Core 2.1.14-servicing-32113 initialized 'CityInfoContext' using provider 'Microsoft.EntityFrameworkCore.SqlServer' with options: None
2020-02-04 23:01:59.5657|INFO|Microsoft.EntityFrameworkCore.Database.Command|Executed DbCommand (468ms) [Parameters=[], CommandType='Text', CommandTimeout='30']
SELECT [c].[Id], [c].[Description], [c].[Name]
FROM [Cities] AS [c]
ORDER BY [c].[Name]
2020-02-04 23:01:59.6215|INFO|Microsoft.AspNetCore.Mvc.Internal.ControllerActionInvoker|Executed action method CityInfo.API.Controllers.CitiesController.GetCities (CityInfo.API), returned result Microsoft.AspNetCore.Mvc.OkObjectResult in 890.3543ms.
2020-02-04 23:01:59.7965|INFO|Microsoft.AspNetCore.Mvc.Infrastructure.ObjectResultExecutor|Executing ObjectResult, writing value of type 'System.Collections.Generic.List`1[[CityInfo.API.Models.CityWithoutPointsOfInterestDto, CityInfo.API, Version=1.0.0.0, Culture=neutral, PublicKeyToken=null]]'.
2020-02-04 23:01:59.8475|INFO|Microsoft.AspNetCore.Mvc.Internal.ControllerActionInvoker|Executed action CityInfo.API.Controllers.CitiesController.GetCities (CityInfo.API) in 1170.5581ms
2020-02-04 23:01:59.8673|INFO|Microsoft.AspNetCore.Hosting.Internal.WebHost|Request finished in 2084.5338ms 200 application/xml; charset=utf-8
2020-02-04 23:02:45.1657|INFO|Microsoft.AspNetCore.Hosting.Internal.WebHost|Request starting HTTP/1.1 GET http://localhost:1028/api/cities  
2020-02-04 23:02:45.1999|INFO|Microsoft.AspNetCore.Mvc.Internal.ControllerActionInvoker|Route matched with {action = "GetCities", controller = "Cities"}. Executing controller action with signature Microsoft.AspNetCore.Mvc.IActionResult GetCities() on controller CityInfo.API.Controllers.CitiesController (CityInfo.API).
2020-02-04 23:02:45.2591|INFO|Microsoft.AspNetCore.Mvc.Internal.ControllerActionInvoker|Executing action method CityInfo.API.Controllers.CitiesController.GetCities (CityInfo.API) - Validation state: Valid
2020-02-04 23:02:45.2857|INFO|Microsoft.EntityFrameworkCore.Infrastructure|Entity Framework Core 2.1.14-servicing-32113 initialized 'CityInfoContext' using provider 'Microsoft.EntityFrameworkCore.SqlServer' with options: None
2020-02-04 23:02:45.3300|INFO|Microsoft.EntityFrameworkCore.Database.Command|Executed DbCommand (16ms) [Parameters=[], CommandType='Text', CommandTimeout='30']
SELECT [c].[Id], [c].[Description], [c].[Name]
FROM [Cities] AS [c]
ORDER BY [c].[Name]
2020-02-04 23:02:45.3300|INFO|Microsoft.AspNetCore.Mvc.Internal.ControllerActionInvoker|Executed action method CityInfo.API.Controllers.CitiesController.GetCities (CityInfo.API), returned result Microsoft.AspNetCore.Mvc.OkObjectResult in 66.0159ms.
2020-02-04 23:02:45.3596|INFO|Microsoft.AspNetCore.Mvc.Infrastructure.ObjectResultExecutor|Executing ObjectResult, writing value of type 'System.Collections.Generic.List`1[[CityInfo.API.Models.CityWithoutPointsOfInterestDto, CityInfo.API, Version=1.0.0.0, Culture=neutral, PublicKeyToken=null]]'.
2020-02-04 23:02:45.7924|INFO|Microsoft.AspNetCore.Mvc.Internal.ControllerActionInvoker|Executed action CityInfo.API.Controllers.CitiesController.GetCities (CityInfo.API) in 471.8926ms
2020-02-04 23:02:45.8170|INFO|Microsoft.AspNetCore.Hosting.Internal.WebHost|Request finished in 640.1848ms 200 application/json; charset=utf-8
2020-02-04 23:24:58.7732|INFO|CityInfo.API.Program|Initializing application...
2020-02-04 23:25:02.5316|INFO|Microsoft.EntityFrameworkCore.Infrastructure|Entity Framework Core 2.1.14-servicing-32113 initialized 'CityInfoContext' using provider 'Microsoft.EntityFrameworkCore.SqlServer' with options: None
2020-02-04 23:25:03.5619|INFO|Microsoft.EntityFrameworkCore.Database.Command|Executed DbCommand (223ms) [Parameters=[], CommandType='Text', CommandTimeout='60']
IF SERVERPROPERTY('EngineEdition') <> 5
BEGIN
    ALTER DATABASE [CityInfoDB] SET SINGLE_USER WITH ROLLBACK IMMEDIATE;
END;
2020-02-04 23:25:03.8891|INFO|Microsoft.EntityFrameworkCore.Database.Command|Executed DbCommand (317ms) [Parameters=[], CommandType='Text', CommandTimeout='60']
DROP DATABASE [CityInfoDB];
2020-02-04 23:25:14.6739|INFO|Microsoft.EntityFrameworkCore.Database.Command|Executed DbCommand (699ms) [Parameters=[], CommandType='Text', CommandTimeout='60']
CREATE DATABASE [CityInfoDB];
2020-02-04 23:25:14.8652|INFO|Microsoft.EntityFrameworkCore.Database.Command|Executed DbCommand (187ms) [Parameters=[], CommandType='Text', CommandTimeout='60']
IF SERVERPROPERTY('EngineEdition') <> 5
BEGIN
    ALTER DATABASE [CityInfoDB] SET READ_COMMITTED_SNAPSHOT ON;
END;
2020-02-04 23:25:15.4098|INFO|Microsoft.EntityFrameworkCore.Database.Command|Executed DbCommand (447ms) [Parameters=[], CommandType='Text', CommandTimeout='30']
CREATE TABLE [__EFMigrationsHistory] (
    [MigrationId] nvarchar(150) NOT NULL,
    [ProductVersion] nvarchar(32) NOT NULL,
    CONSTRAINT [PK___EFMigrationsHistory] PRIMARY KEY ([MigrationId])
);
2020-02-04 23:25:15.4323|INFO|Microsoft.EntityFrameworkCore.Database.Command|Executed DbCommand (18ms) [Parameters=[], CommandType='Text', CommandTimeout='30']
SELECT OBJECT_ID(N'[__EFMigrationsHistory]');
2020-02-04 23:25:15.4634|INFO|Microsoft.EntityFrameworkCore.Database.Command|Executed DbCommand (27ms) [Parameters=[], CommandType='Text', CommandTimeout='30']
SELECT [MigrationId], [ProductVersion]
FROM [__EFMigrationsHistory]
ORDER BY [MigrationId];
2020-02-04 23:25:15.4798|INFO|Microsoft.EntityFrameworkCore.Migrations|Applying migration '20200204191405_CityInfoDBInitialMigration'.
2020-02-04 23:25:15.5301|INFO|Microsoft.EntityFrameworkCore.Database.Command|Executed DbCommand (8ms) [Parameters=[], CommandType='Text', CommandTimeout='30']
CREATE TABLE [Cities] (
    [Id] int NOT NULL IDENTITY,
    [Name] nvarchar(50) NOT NULL,
    [Description] nvarchar(200) NULL,
    CONSTRAINT [PK_Cities] PRIMARY KEY ([Id])
);
2020-02-04 23:25:15.6226|INFO|Microsoft.EntityFrameworkCore.Database.Command|Executed DbCommand (78ms) [Parameters=[], CommandType='Text', CommandTimeout='30']
CREATE TABLE [PointsOfInterest] (
    [Id] int NOT NULL IDENTITY,
    [Name] nvarchar(50) NOT NULL,
    [Description] nvarchar(200) NULL,
    [CityId] int NOT NULL,
    CONSTRAINT [PK_PointsOfInterest] PRIMARY KEY ([Id]),
    CONSTRAINT [FK_PointsOfInterest_Cities_CityId] FOREIGN KEY ([CityId]) REFERENCES [Cities] ([Id]) ON DELETE CASCADE
);
2020-02-04 23:25:15.6407|INFO|Microsoft.EntityFrameworkCore.Database.Command|Executed DbCommand (12ms) [Parameters=[], CommandType='Text', CommandTimeout='30']
CREATE INDEX [IX_PointsOfInterest_CityId] ON [PointsOfInterest] ([CityId]);
2020-02-04 23:25:15.7073|INFO|Microsoft.EntityFrameworkCore.Database.Command|Executed DbCommand (61ms) [Parameters=[], CommandType='Text', CommandTimeout='30']
INSERT INTO [__EFMigrationsHistory] ([MigrationId], [ProductVersion])
VALUES (N'20200204191405_CityInfoDBInitialMigration', N'2.1.14-servicing-32113');
2020-02-04 23:25:15.7073|INFO|Microsoft.EntityFrameworkCore.Migrations|Applying migration '20200204200509_CityInfoDescription'.
2020-02-04 23:25:15.7246|INFO|Microsoft.EntityFrameworkCore.Database.Command|Executed DbCommand (2ms) [Parameters=[], CommandType='Text', CommandTimeout='30']
INSERT INTO [__EFMigrationsHistory] ([MigrationId], [ProductVersion])
VALUES (N'20200204200509_CityInfoDescription', N'2.1.14-servicing-32113');
2020-02-04 23:25:15.7246|INFO|Microsoft.EntityFrameworkCore.Migrations|Applying migration '20200204204610_SampleData'.
2020-02-04 23:25:16.4220|INFO|Microsoft.EntityFrameworkCore.Database.Command|Executed DbCommand (674ms) [Parameters=[], CommandType='Text', CommandTimeout='30']
IF EXISTS (SELECT * FROM [sys].[identity_columns] WHERE [name] IN (N'Id', N'Description', N'Name') AND [object_id] = OBJECT_ID(N'[Cities]'))
    SET IDENTITY_INSERT [Cities] ON;
INSERT INTO [Cities] ([Id], [Description], [Name])
VALUES (1, N'The one with that big park.', N'New York City');
IF EXISTS (SELECT * FROM [sys].[identity_columns] WHERE [name] IN (N'Id', N'Description', N'Name') AND [object_id] = OBJECT_ID(N'[Cities]'))
    SET IDENTITY_INSERT [Cities] OFF;
2020-02-04 23:25:16.4536|INFO|Microsoft.EntityFrameworkCore.Database.Command|Executed DbCommand (24ms) [Parameters=[], CommandType='Text', CommandTimeout='30']
IF EXISTS (SELECT * FROM [sys].[identity_columns] WHERE [name] IN (N'Id', N'Description', N'Name') AND [object_id] = OBJECT_ID(N'[Cities]'))
    SET IDENTITY_INSERT [Cities] ON;
INSERT INTO [Cities] ([Id], [Description], [Name])
VALUES (2, N'The one with the cathedral that was never really finished.', N'Antwerp');
IF EXISTS (SELECT * FROM [sys].[identity_columns] WHERE [name] IN (N'Id', N'Description', N'Name') AND [object_id] = OBJECT_ID(N'[Cities]'))
    SET IDENTITY_INSERT [Cities] OFF;
2020-02-04 23:25:16.4921|INFO|Microsoft.EntityFrameworkCore.Database.Command|Executed DbCommand (33ms) [Parameters=[], CommandType='Text', CommandTimeout='30']
IF EXISTS (SELECT * FROM [sys].[identity_columns] WHERE [name] IN (N'Id', N'Description', N'Name') AND [object_id] = OBJECT_ID(N'[Cities]'))
    SET IDENTITY_INSERT [Cities] ON;
INSERT INTO [Cities] ([Id], [Description], [Name])
VALUES (3, N'The one with that big tower.', N'Paris');
IF EXISTS (SELECT * FROM [sys].[identity_columns] WHERE [name] IN (N'Id', N'Description', N'Name') AND [object_id] = OBJECT_ID(N'[Cities]'))
    SET IDENTITY_INSERT [Cities] OFF;
2020-02-04 23:25:16.5853|INFO|Microsoft.EntityFrameworkCore.Database.Command|Executed DbCommand (87ms) [Parameters=[], CommandType='Text', CommandTimeout='30']
IF EXISTS (SELECT * FROM [sys].[identity_columns] WHERE [name] IN (N'Id', N'CityId', N'Description', N'Name') AND [object_id] = OBJECT_ID(N'[PointsOfInterest]'))
    SET IDENTITY_INSERT [PointsOfInterest] ON;
INSERT INTO [PointsOfInterest] ([Id], [CityId], [Description], [Name])
VALUES (1, 1, N'The most visited urban park in the United States.', N'Central Park'),
(2, 1, N'A 102-story skyscraper located in Midtown Manhattan.', N'Empire State Building'),
(3, 2, N'A Gothic style cathedral, conceived by architects Jan and Pieter Appelmans.', N'Cathedral'),
(4, 2, N'The the finest example of railway architecture in Belgium.', N'Antwerp Central Station'),
(5, 3, N'A wrought iron lattice tower on the Champ de Mars, named after engineer Gustave Eiffel.', N'Eiffel Tower'),
(6, 3, N'The world''s largest museum.', N'The Louvre');
IF EXISTS (SELECT * FROM [sys].[identity_columns] WHERE [name] IN (N'Id', N'CityId', N'Description', N'Name') AND [object_id] = OBJECT_ID(N'[PointsOfInterest]'))
    SET IDENTITY_INSERT [PointsOfInterest] OFF;
2020-02-04 23:25:16.5950|INFO|Microsoft.EntityFrameworkCore.Database.Command|Executed DbCommand (4ms) [Parameters=[], CommandType='Text', CommandTimeout='30']
INSERT INTO [__EFMigrationsHistory] ([MigrationId], [ProductVersion])
VALUES (N'20200204204610_SampleData', N'2.1.14-servicing-32113');
2020-02-04 23:25:16.7414|INFO|Microsoft.AspNetCore.DataProtection.KeyManagement.XmlKeyManager|User profile is available. Using 'C:\Users\topu_\AppData\Local\ASP.NET\DataProtection-Keys' as key repository and Windows DPAPI to encrypt keys at rest.
2020-02-04 23:25:17.5577|INFO|Microsoft.AspNetCore.Hosting.Internal.WebHost|Request starting HTTP/1.1 GET http://localhost:1028/  
2020-02-04 23:25:17.5577|INFO|Microsoft.AspNetCore.Hosting.Internal.WebHost|Request starting HTTP/1.1 DEBUG http://localhost:1028/  0
2020-02-04 23:25:17.6523|INFO|Microsoft.AspNetCore.Hosting.Internal.WebHost|Request finished in 87.1091ms 200 
2020-02-04 23:25:17.8580|INFO|Microsoft.AspNetCore.Hosting.Internal.WebHost|Request finished in 291.1812ms 404 text/plain
2020-02-04 23:25:32.8560|INFO|Microsoft.AspNetCore.Hosting.Internal.WebHost|Request starting HTTP/1.1 GET http://localhost:1028/api/cities/5  
2020-02-04 23:25:33.1108|INFO|Microsoft.AspNetCore.Mvc.Internal.ControllerActionInvoker|Route matched with {action = "GetCity", controller = "Cities"}. Executing controller action with signature Microsoft.AspNetCore.Mvc.IActionResult GetCity(Int32, Boolean) on controller CityInfo.API.Controllers.CitiesController (CityInfo.API).
2020-02-04 23:25:33.2097|INFO|Microsoft.AspNetCore.Mvc.Internal.ControllerActionInvoker|Executing action method CityInfo.API.Controllers.CitiesController.GetCity (CityInfo.API) - Validation state: Valid
2020-02-04 23:25:33.2425|INFO|Microsoft.EntityFrameworkCore.Infrastructure|Entity Framework Core 2.1.14-servicing-32113 initialized 'CityInfoContext' using provider 'Microsoft.EntityFrameworkCore.SqlServer' with options: None
2020-02-04 23:25:33.5633|INFO|Microsoft.EntityFrameworkCore.Database.Command|Executed DbCommand (16ms) [Parameters=[@__cityId_0='?' (DbType = Int32)], CommandType='Text', CommandTimeout='30']
SELECT TOP(1) [c].[Id], [c].[Description], [c].[Name]
FROM [Cities] AS [c]
WHERE [c].[Id] = @__cityId_0
2020-02-04 23:25:33.5948|INFO|Microsoft.AspNetCore.Mvc.Internal.ControllerActionInvoker|Executed action method CityInfo.API.Controllers.CitiesController.GetCity (CityInfo.API), returned result Microsoft.AspNetCore.Mvc.NotFoundResult in 374.5426ms.
2020-02-04 23:25:33.5948|INFO|Microsoft.AspNetCore.Mvc.StatusCodeResult|Executing HttpStatusCodeResult, setting HTTP status code 404
2020-02-04 23:25:33.6196|INFO|Microsoft.AspNetCore.Mvc.Internal.ControllerActionInvoker|Executed action CityInfo.API.Controllers.CitiesController.GetCity (CityInfo.API) in 490.8439ms
2020-02-04 23:25:33.6621|INFO|Microsoft.AspNetCore.Hosting.Internal.WebHost|Request finished in 782.2559ms 404 
2020-02-04 23:25:55.2236|INFO|Microsoft.AspNetCore.Hosting.Internal.WebHost|Request starting HTTP/1.1 GET http://localhost:1028/api/cities/5  
2020-02-04 23:25:55.2385|INFO|Microsoft.AspNetCore.Mvc.Internal.ControllerActionInvoker|Route matched with {action = "GetCity", controller = "Cities"}. Executing controller action with signature Microsoft.AspNetCore.Mvc.IActionResult GetCity(Int32, Boolean) on controller CityInfo.API.Controllers.CitiesController (CityInfo.API).
2020-02-04 23:25:55.2615|INFO|Microsoft.AspNetCore.Mvc.Internal.ControllerActionInvoker|Executing action method CityInfo.API.Controllers.CitiesController.GetCity (CityInfo.API) - Validation state: Valid
2020-02-04 23:25:55.3959|INFO|Microsoft.EntityFrameworkCore.Infrastructure|Entity Framework Core 2.1.14-servicing-32113 initialized 'CityInfoContext' using provider 'Microsoft.EntityFrameworkCore.SqlServer' with options: None
2020-02-04 23:25:55.4751|INFO|Microsoft.EntityFrameworkCore.Database.Command|Executed DbCommand (47ms) [Parameters=[@__cityId_0='?' (DbType = Int32)], CommandType='Text', CommandTimeout='30']
SELECT TOP(1) [c].[Id], [c].[Description], [c].[Name]
FROM [Cities] AS [c]
WHERE [c].[Id] = @__cityId_0
2020-02-04 23:25:55.4966|INFO|Microsoft.AspNetCore.Mvc.Internal.ControllerActionInvoker|Executed action method CityInfo.API.Controllers.CitiesController.GetCity (CityInfo.API), returned result Microsoft.AspNetCore.Mvc.NotFoundResult in 182.3261ms.
2020-02-04 23:25:55.5172|INFO|Microsoft.AspNetCore.Mvc.StatusCodeResult|Executing HttpStatusCodeResult, setting HTTP status code 404
2020-02-04 23:25:55.5327|INFO|Microsoft.AspNetCore.Mvc.Internal.ControllerActionInvoker|Executed action CityInfo.API.Controllers.CitiesController.GetCity (CityInfo.API) in 286.6723ms
2020-02-04 23:25:55.5473|INFO|Microsoft.AspNetCore.Hosting.Internal.WebHost|Request finished in 314.8823ms 404 
2020-02-04 23:26:27.6596|INFO|Microsoft.AspNetCore.Hosting.Internal.WebHost|Request starting HTTP/1.1 GET http://localhost:1028/api/cities/1  
2020-02-04 23:26:27.6773|INFO|Microsoft.AspNetCore.Mvc.Internal.ControllerActionInvoker|Route matched with {action = "GetCity", controller = "Cities"}. Executing controller action with signature Microsoft.AspNetCore.Mvc.IActionResult GetCity(Int32, Boolean) on controller CityInfo.API.Controllers.CitiesController (CityInfo.API).
2020-02-04 23:26:27.6773|INFO|Microsoft.AspNetCore.Mvc.Internal.ControllerActionInvoker|Executing action method CityInfo.API.Controllers.CitiesController.GetCity (CityInfo.API) - Validation state: Valid
2020-02-04 23:26:27.6988|INFO|Microsoft.EntityFrameworkCore.Infrastructure|Entity Framework Core 2.1.14-servicing-32113 initialized 'CityInfoContext' using provider 'Microsoft.EntityFrameworkCore.SqlServer' with options: None
2020-02-04 23:26:27.7263|INFO|Microsoft.EntityFrameworkCore.Database.Command|Executed DbCommand (15ms) [Parameters=[@__cityId_0='?' (DbType = Int32)], CommandType='Text', CommandTimeout='30']
SELECT TOP(1) [c].[Id], [c].[Description], [c].[Name]
FROM [Cities] AS [c]
WHERE [c].[Id] = @__cityId_0
2020-02-04 23:26:27.7617|INFO|Microsoft.AspNetCore.Mvc.Internal.ControllerActionInvoker|Executed action method CityInfo.API.Controllers.CitiesController.GetCity (CityInfo.API), returned result Microsoft.AspNetCore.Mvc.OkObjectResult in 73.1645ms.
2020-02-04 23:26:27.7795|INFO|Microsoft.AspNetCore.Mvc.Infrastructure.ObjectResultExecutor|Executing ObjectResult, writing value of type 'CityInfo.API.Models.CityWithoutPointsOfInterestDto'.
2020-02-04 23:26:28.0402|INFO|Microsoft.AspNetCore.Mvc.Internal.ControllerActionInvoker|Executed action CityInfo.API.Controllers.CitiesController.GetCity (CityInfo.API) in 293.8017ms
2020-02-04 23:26:28.0402|INFO|Microsoft.AspNetCore.Hosting.Internal.WebHost|Request finished in 390.224ms 200 application/json; charset=utf-8
2020-02-04 23:27:32.5438|INFO|Microsoft.AspNetCore.Hosting.Internal.WebHost|Request starting HTTP/1.1 GET http://localhost:1028/api/cities/1?includepointsofinterest=true  
2020-02-04 23:27:32.5767|INFO|Microsoft.AspNetCore.Mvc.Internal.ControllerActionInvoker|Route matched with {action = "GetCity", controller = "Cities"}. Executing controller action with signature Microsoft.AspNetCore.Mvc.IActionResult GetCity(Int32, Boolean) on controller CityInfo.API.Controllers.CitiesController (CityInfo.API).
2020-02-04 23:27:32.6404|INFO|Microsoft.AspNetCore.Mvc.Internal.ControllerActionInvoker|Executing action method CityInfo.API.Controllers.CitiesController.GetCity (CityInfo.API) - Validation state: Valid
2020-02-04 23:27:32.6762|INFO|Microsoft.EntityFrameworkCore.Infrastructure|Entity Framework Core 2.1.14-servicing-32113 initialized 'CityInfoContext' using provider 'Microsoft.EntityFrameworkCore.SqlServer' with options: None
2020-02-04 23:27:33.3974|INFO|Microsoft.EntityFrameworkCore.Database.Command|Executed DbCommand (126ms) [Parameters=[@__cityId_0='?' (DbType = Int32)], CommandType='Text', CommandTimeout='30']
SELECT TOP(1) [c].[Id], [c].[Description], [c].[Name]
FROM [Cities] AS [c]
WHERE [c].[Id] = @__cityId_0
ORDER BY [c].[Id]
2020-02-04 23:27:33.6881|INFO|Microsoft.EntityFrameworkCore.Database.Command|Executed DbCommand (227ms) [Parameters=[@__cityId_0='?' (DbType = Int32)], CommandType='Text', CommandTimeout='30']
SELECT [c.PointsOfInterest].[Id], [c.PointsOfInterest].[CityId], [c.PointsOfInterest].[Description], [c.PointsOfInterest].[Name]
FROM [PointsOfInterest] AS [c.PointsOfInterest]
INNER JOIN (
    SELECT TOP(1) [c0].[Id]
    FROM [Cities] AS [c0]
    WHERE [c0].[Id] = @__cityId_0
    ORDER BY [c0].[Id]
) AS [t] ON [c.PointsOfInterest].[CityId] = [t].[Id]
ORDER BY [t].[Id]
2020-02-04 23:27:33.7414|INFO|Microsoft.AspNetCore.Mvc.Internal.ControllerActionInvoker|Executed action method CityInfo.API.Controllers.CitiesController.GetCity (CityInfo.API), returned result Microsoft.AspNetCore.Mvc.OkObjectResult in 1087.5143ms.
2020-02-04 23:27:33.7584|INFO|Microsoft.AspNetCore.Mvc.Infrastructure.ObjectResultExecutor|Executing ObjectResult, writing value of type 'CityInfo.API.Models.CityDto'.
2020-02-04 23:27:33.7960|INFO|Microsoft.AspNetCore.Mvc.Internal.ControllerActionInvoker|Executed action CityInfo.API.Controllers.CitiesController.GetCity (CityInfo.API) in 1210.7771ms
2020-02-04 23:27:33.8256|INFO|Microsoft.AspNetCore.Hosting.Internal.WebHost|Request finished in 1274.8305ms 200 application/json; charset=utf-8
2020-02-04 23:27:53.7631|INFO|Microsoft.AspNetCore.Hosting.Internal.WebHost|Request starting HTTP/1.1 GET http://localhost:1028/api/cities/10?includepointsofinterest=true  
2020-02-04 23:27:53.7946|INFO|Microsoft.AspNetCore.Mvc.Internal.ControllerActionInvoker|Route matched with {action = "GetCity", controller = "Cities"}. Executing controller action with signature Microsoft.AspNetCore.Mvc.IActionResult GetCity(Int32, Boolean) on controller CityInfo.API.Controllers.CitiesController (CityInfo.API).
2020-02-04 23:27:53.8102|INFO|Microsoft.AspNetCore.Mvc.Internal.ControllerActionInvoker|Executing action method CityInfo.API.Controllers.CitiesController.GetCity (CityInfo.API) - Validation state: Valid
2020-02-04 23:27:53.8160|INFO|Microsoft.EntityFrameworkCore.Infrastructure|Entity Framework Core 2.1.14-servicing-32113 initialized 'CityInfoContext' using provider 'Microsoft.EntityFrameworkCore.SqlServer' with options: None
2020-02-04 23:27:53.8308|INFO|Microsoft.EntityFrameworkCore.Database.Command|Executed DbCommand (7ms) [Parameters=[@__cityId_0='?' (DbType = Int32)], CommandType='Text', CommandTimeout='30']
SELECT TOP(1) [c].[Id], [c].[Description], [c].[Name]
FROM [Cities] AS [c]
WHERE [c].[Id] = @__cityId_0
ORDER BY [c].[Id]
2020-02-04 23:27:53.8308|INFO|Microsoft.AspNetCore.Mvc.Internal.ControllerActionInvoker|Executed action method CityInfo.API.Controllers.CitiesController.GetCity (CityInfo.API), returned result Microsoft.AspNetCore.Mvc.NotFoundResult in 21.4886ms.
2020-02-04 23:27:53.8489|INFO|Microsoft.AspNetCore.Mvc.StatusCodeResult|Executing HttpStatusCodeResult, setting HTTP status code 404
2020-02-04 23:27:53.8649|INFO|Microsoft.AspNetCore.Mvc.Internal.ControllerActionInvoker|Executed action CityInfo.API.Controllers.CitiesController.GetCity (CityInfo.API) in 52.9278ms
2020-02-04 23:27:53.8781|INFO|Microsoft.AspNetCore.Hosting.Internal.WebHost|Request finished in 106.5261ms 404 
